SF:lib/common/data/repo/user_search_repo.dart
DA:14,0
DA:15,0
DA:17,0
DA:21,0
DA:22,0
DA:25,0
DA:26,0
DA:27,0
DA:28,0
DA:29,0
DA:31,0
DA:32,0
DA:33,0
DA:35,0
DA:36,0
DA:37,0
DA:38,0
DA:42,0
DA:43,0
DA:44,0
DA:45,0
DA:48,0
DA:50,0
DA:52,0
DA:58,0
DA:62,0
DA:63,0
DA:64,0
DA:65,0
DA:66,0
DA:67,0
DA:68,0
DA:69,0
DA:71,0
DA:75,0
DA:80,0
DA:81,0
DA:85,0
DA:86,0
DA:90,0
DA:93,0
DA:99,0
DA:100,0
DA:101,0
DA:102,0
DA:103,0
DA:104,0
DA:105,0
DA:106,0
DA:108,0
DA:113,0
DA:115,0
DA:120,0
DA:125,0
DA:126,0
DA:127,0
DA:128,0
DA:129,0
DA:130,0
DA:131,0
DA:132,0
DA:133,0
DA:134,0
DA:135,0
DA:137,0
DA:138,0
DA:139,0
DA:141,0
DA:143,0
DA:145,0
DA:146,0
DA:147,0
DA:148,0
DA:149,0
DA:150,0
DA:151,0
DA:152,0
DA:153,0
DA:154,0
DA:157,0
DA:159,0
DA:167,0
DA:168,0
DA:169,0
DA:170,0
DA:171,0
DA:172,0
DA:173,0
DA:174,0
DA:176,0
DA:180,0
DA:181,0
DA:182,0
DA:183,0
DA:184,0
DA:185,0
DA:186,0
DA:187,0
DA:189,0
DA:194,0
DA:199,0
DA:200,0
DA:201,0
DA:202,0
DA:203,0
DA:204,0
DA:205,0
DA:207,0
DA:208,0
DA:209,0
DA:210,0
DA:211,0
DA:212,0
DA:217,0
DA:223,0
DA:224,0
DA:225,0
DA:228,0
DA:233,0
DA:236,0
DA:238,0
DA:243,0
DA:248,0
DA:250,0
DA:255,0
DA:256,0
DA:257,0
DA:259,0
DA:260,0
DA:263,0
DA:264,0
DA:269,0
DA:273,0
DA:276,0
DA:278,0
DA:282,0
DA:283,0
DA:286,0
DA:287,0
DA:288,0
DA:289,0
DA:290,0
DA:293,0
DA:296,0
DA:301,0
DA:302,0
DA:303,0
DA:305,0
DA:306,0
DA:307,0
DA:310,0
DA:312,0
DA:314,0
DA:315,0
DA:316,0
DA:318,0
DA:319,0
DA:320,0
DA:321,0
DA:322,0
DA:324,0
DA:326,0
DA:327,0
DA:334,0
DA:335,0
DA:336,0
DA:338,0
DA:339,0
DA:340,0
DA:341,0
DA:347,0
DA:348,0
DA:349,0
DA:350,0
DA:351,0
DA:353,0
DA:355,0
DA:356,0
DA:360,0
DA:365,0
DA:368,0
DA:373,0
DA:375,0
DA:376,0
DA:377,0
DA:378,0
DA:379,0
DA:385,1
DA:391,1
LF:189
LH:2
end_of_record
SF:lib/common/constants/constants.dart
DA:6,1
DA:7,2
DA:8,0
DA:9,0
LF:4
LH:2
end_of_record
SF:lib/config/app_config.dart
DA:35,0
DA:36,0
DA:37,0
DA:38,0
DA:48,0
LF:5
LH:0
end_of_record
SF:lib/common/data/repo/privacy_aware_user_search_repo.dart
DA:13,0
DA:14,0
DA:16,0
DA:17,0
DA:19,0
DA:20,0
DA:21,0
DA:22,0
DA:23,0
DA:25,0
DA:26,0
DA:27,0
DA:29,0
DA:30,0
DA:31,0
DA:32,0
DA:36,0
DA:37,0
DA:38,0
DA:39,0
DA:42,0
DA:44,0
DA:46,0
DA:52,0
DA:56,0
DA:59,0
DA:60,0
DA:61,0
DA:65,0
DA:66,0
DA:67,0
DA:68,0
DA:69,0
DA:72,0
DA:75,0
DA:80,0
DA:84,0
DA:87,0
DA:88,0
DA:91,0
DA:96,0
DA:97,0
DA:99,0
DA:100,0
DA:101,0
DA:102,0
DA:103,0
DA:105,0
DA:106,0
DA:107,0
DA:111,0
DA:114,0
DA:120,0
DA:124,0
DA:128,0
DA:129,0
DA:130,0
DA:133,0
DA:135,0
DA:138,0
DA:144,0
DA:151,0
DA:154,0
DA:155,0
DA:156,0
DA:157,0
DA:158,0
DA:159,0
DA:160,0
DA:161,0
DA:162,0
DA:164,0
DA:167,0
DA:173,0
DA:176,0
DA:180,0
DA:181,0
DA:183,0
DA:184,0
DA:192,0
DA:193,0
DA:198,0
DA:202,0
DA:205,0
DA:206,0
DA:207,0
DA:210,0
DA:212,0
DA:214,0
DA:215,0
DA:216,0
DA:217,0
DA:218,0
DA:220,0
DA:222,0
DA:226,0
DA:227,0
DA:228,0
DA:229,0
DA:230,0
DA:233,0
DA:240,0
DA:241,0
DA:246,0
DA:247,0
DA:250,0
DA:251,0
DA:254,0
DA:258,0
DA:259,0
DA:261,0
DA:262,0
DA:265,0
DA:267,0
DA:269,0
DA:271,0
DA:273,0
DA:275,0
DA:278,0
DA:282,0
DA:286,0
DA:289,0
DA:297,0
DA:299,0
DA:301,0
DA:302,0
DA:303,0
DA:305,0
DA:307,0
DA:308,0
DA:311,0
DA:313,0
DA:314,0
DA:315,0
DA:316,0
DA:317,0
DA:318,0
DA:319,0
DA:322,0
DA:323,0
DA:324,0
DA:325,0
DA:326,0
DA:328,0
DA:329,0
DA:330,0
DA:331,0
DA:332,0
DA:334,0
DA:335,0
DA:336,0
DA:337,0
DA:338,0
DA:339,0
DA:344,0
DA:349,0
DA:350,0
DA:354,0
DA:355,0
DA:356,0
DA:361,0
DA:366,0
DA:368,0
DA:371,0
DA:373,0
DA:374,0
DA:375,0
DA:376,0
DA:378,0
DA:380,0
DA:383,0
DA:385,0
DA:387,0
DA:391,0
DA:392,0
DA:393,0
DA:394,0
DA:395,0
DA:396,0
DA:399,0
DA:400,0
DA:401,0
DA:406,0
DA:411,0
DA:416,0
DA:419,0
DA:420,0
DA:425,0
DA:427,0
DA:429,0
DA:430,0
DA:431,0
DA:436,0
DA:438,0
DA:440,0
DA:441,0
DA:444,0
DA:447,0
DA:448,0
DA:451,0
LF:200
LH:0
end_of_record
SF:lib/models/user_model.dart
DA:9,15
DA:54,1
DA:57,1
DA:59,1
DA:62,1
DA:64,1
DA:65,1
DA:66,1
DA:67,0
DA:68,0
DA:69,0
DA:73,0
DA:79,1
DA:85,1
DA:86,0
DA:87,0
DA:88,0
DA:89,0
DA:90,0
DA:91,0
DA:92,0
DA:97,0
DA:103,1
DA:105,1
DA:106,0
DA:107,0
DA:108,0
DA:109,0
DA:111,1
DA:112,0
DA:113,0
DA:114,0
DA:115,0
DA:116,0
DA:117,0
DA:118,0
DA:122,1
DA:124,0
DA:125,0
DA:130,1
DA:132,3
DA:133,1
DA:135,0
DA:137,0
DA:138,0
DA:142,1
DA:144,1
DA:146,1
DA:147,1
DA:148,2
DA:149,2
DA:150,2
DA:152,2
DA:153,2
DA:155,1
DA:156,1
DA:157,0
DA:158,0
DA:159,1
DA:161,0
DA:162,1
DA:163,0
DA:164,0
DA:165,1
DA:166,1
DA:167,1
DA:168,1
DA:169,1
DA:170,1
DA:171,1
DA:172,1
DA:173,1
DA:174,1
DA:175,1
DA:176,1
DA:177,0
DA:178,1
DA:179,1
DA:180,0
DA:181,1
DA:182,1
DA:183,0
DA:184,1
DA:185,1
DA:186,1
DA:187,0
DA:188,3
DA:189,2
DA:190,0
DA:191,1
DA:192,1
DA:193,1
DA:194,1
DA:195,0
DA:196,1
DA:197,1
DA:198,1
DA:199,1
DA:200,1
DA:201,1
DA:202,1
DA:203,0
DA:204,1
DA:205,0
DA:207,1
DA:208,1
DA:210,1
DA:211,1
DA:212,1
DA:213,1
DA:214,1
DA:215,0
DA:216,1
DA:217,1
DA:218,1
DA:219,1
DA:220,1
DA:222,1
DA:223,1
DA:224,0
DA:225,0
DA:227,1
DA:230,0
DA:232,0
DA:233,0
DA:238,0
DA:243,0
DA:244,0
DA:254,0
DA:261,2
DA:263,1
DA:264,1
DA:265,1
DA:267,1
DA:269,1
DA:271,1
DA:272,2
DA:273,1
DA:274,1
DA:275,1
DA:276,1
DA:277,1
DA:278,1
DA:279,1
DA:280,1
DA:281,1
DA:282,1
DA:283,1
DA:284,1
DA:285,1
DA:286,1
DA:287,0
DA:288,0
DA:289,0
DA:292,1
DA:293,1
DA:294,2
DA:295,0
DA:296,0
DA:297,0
DA:298,0
DA:300,2
DA:301,0
DA:302,0
DA:303,0
DA:304,0
DA:306,1
DA:307,1
DA:308,0
DA:310,1
DA:311,1
DA:312,1
DA:313,1
DA:314,1
DA:315,1
DA:316,1
DA:317,1
DA:318,1
DA:319,0
DA:321,1
DA:322,1
DA:323,0
DA:325,1
DA:326,0
DA:327,1
DA:328,0
DA:330,1
DA:331,1
DA:332,0
DA:335,1
DA:336,1
DA:337,1
DA:338,1
DA:339,1
DA:340,0
DA:341,1
DA:342,1
DA:343,1
DA:344,1
DA:345,1
DA:347,1
DA:348,1
DA:349,0
DA:351,1
DA:355,1
DA:356,1
DA:358,2
DA:359,1
DA:360,1
DA:362,2
DA:363,2
DA:364,0
DA:366,1
DA:367,1
DA:368,1
DA:369,1
DA:370,1
DA:371,1
DA:372,1
DA:373,1
DA:374,1
DA:375,2
DA:376,1
DA:377,2
DA:378,0
DA:380,1
DA:381,1
DA:382,1
DA:383,1
DA:384,2
DA:385,0
DA:386,0
DA:387,0
DA:388,0
DA:391,2
DA:392,0
DA:394,1
DA:395,1
DA:396,1
DA:397,1
DA:398,1
DA:399,1
DA:400,0
DA:402,1
DA:404,1
DA:405,1
DA:407,3
DA:408,1
DA:409,1
DA:411,2
DA:412,1
DA:413,0
DA:415,1
DA:467,5
DA:469,25
DA:471,0
DA:472,0
DA:473,0
DA:479,2
DA:480,1
DA:481,1
DA:482,1
DA:483,1
DA:484,1
DA:485,1
DA:486,1
DA:487,1
DA:488,1
DA:489,1
DA:490,1
DA:491,1
DA:492,1
DA:493,1
DA:494,1
DA:495,1
DA:496,1
DA:497,1
DA:498,1
DA:499,1
DA:500,1
DA:501,1
DA:502,1
DA:503,1
DA:504,1
DA:505,1
DA:506,1
DA:507,1
DA:508,1
DA:509,1
DA:510,1
DA:512,1
DA:513,1
DA:514,1
DA:515,1
DA:516,1
DA:518,1
DA:519,1
DA:520,1
DA:526,4
DA:529,1
DA:530,3
DA:531,3
DA:532,3
DA:533,3
DA:540,1
DA:541,3
DA:542,3
DA:543,3
DA:544,3
DA:551,0
DA:555,4
DA:558,1
DA:559,4
DA:562,3
DA:565,3
LF:315
LH:232
end_of_record
SF:lib/services/location_privacy_service.dart
DA:13,0
DA:21,0
DA:23,0
DA:27,0
DA:29,0
DA:30,0
DA:31,0
DA:37,0
DA:42,0
DA:45,0
DA:46,0
DA:49,0
DA:56,0
DA:59,0
DA:62,0
DA:67,0
DA:71,0
DA:84,0
DA:87,0
DA:88,0
DA:89,0
DA:92,0
DA:97,0
DA:98,0
DA:99,0
DA:102,0
DA:108,0
DA:110,0
DA:111,0
DA:121,0
DA:122,0
DA:123,0
DA:125,0
DA:126,0
DA:127,0
DA:128,0
DA:129,0
DA:134,0
DA:144,0
DA:145,0
DA:147,0
DA:148,0
DA:152,0
DA:153,0
DA:160,0
DA:161,0
DA:172,0
DA:173,0
DA:174,0
DA:179,0
DA:187,0
DA:188,0
DA:190,0
DA:191,0
DA:192,0
DA:193,0
DA:194,0
DA:196,0
DA:198,0
DA:202,0
DA:205,0
DA:207,0
DA:209,0
DA:211,0
DA:217,0
DA:218,0
DA:236,0
DA:240,0
DA:245,0
DA:246,0
DA:247,0
DA:248,0
DA:250,0
DA:255,0
DA:260,0
DA:263,0
DA:266,0
DA:269,0
DA:270,0
DA:271,0
DA:275,0
DA:279,0
DA:282,0
DA:284,0
DA:285,0
DA:286,0
DA:289,0
DA:292,0
DA:293,0
DA:300,0
DA:302,0
DA:304,0
DA:306,0
DA:312,0
DA:313,0
DA:314,0
DA:316,0
DA:318,0
DA:326,0
DA:327,0
DA:329,0
DA:331,0
DA:332,0
DA:334,0
DA:339,0
DA:342,0
LF:106
LH:0
end_of_record
SF:lib/services/user_privacy_service.dart
DA:7,2
DA:26,0
DA:27,0
DA:29,0
DA:32,0
DA:33,0
DA:36,0
DA:37,0
DA:38,0
DA:39,0
DA:42,0
DA:43,0
DA:62,0
DA:64,0
DA:67,0
DA:68,0
DA:71,0
DA:72,0
DA:73,0
DA:74,0
DA:77,0
DA:78,0
DA:80,0
DA:83,0
DA:101,0
DA:104,0
DA:107,0
DA:108,0
DA:111,0
DA:112,0
DA:113,0
DA:114,0
DA:117,0
DA:118,0
DA:127,0
DA:130,0
DA:132,0
DA:136,0
DA:137,0
DA:138,0
DA:139,0
DA:140,0
DA:141,0
DA:143,0
DA:144,0
DA:148,0
DA:152,0
DA:158,0
DA:160,0
DA:162,0
DA:163,0
DA:164,0
DA:165,0
DA:166,0
DA:167,0
DA:170,0
DA:174,0
DA:180,0
DA:182,0
DA:186,0
DA:188,0
DA:190,0
DA:191,0
DA:194,0
DA:195,0
DA:196,0
DA:197,0
DA:198,0
DA:199,0
DA:202,0
DA:203,0
DA:204,0
DA:207,0
DA:208,0
DA:211,0
DA:212,0
DA:215,0
DA:216,0
DA:217,0
DA:218,0
DA:219,0
DA:221,0
DA:222,0
DA:227,0
DA:228,0
DA:232,0
DA:233,0
DA:234,0
DA:235,0
DA:236,0
DA:237,0
DA:239,0
DA:244,0
DA:247,0
DA:248,0
DA:249,0
DA:250,0
DA:251,0
DA:252,0
DA:255,0
DA:256,0
DA:262,0
DA:263,0
DA:264,0
DA:265,0
DA:266,0
DA:267,0
DA:269,0
DA:271,0
DA:273,0
DA:274,0
DA:279,0
DA:281,0
DA:287,0
DA:291,0
DA:292,0
DA:293,0
DA:294,0
DA:295,0
DA:296,0
DA:297,0
DA:300,0
DA:301,0
DA:304,0
DA:305,0
DA:308,0
DA:309,0
DA:312,0
DA:313,0
DA:314,0
DA:315,0
DA:318,0
DA:319,0
DA:326,0
DA:328,0
DA:331,0
DA:332,0
DA:333,0
DA:334,0
DA:335,0
DA:336,0
DA:339,0
DA:340,0
DA:348,0
DA:350,0
DA:358,0
DA:364,0
DA:371,0
DA:372,0
DA:374,0
DA:378,0
DA:379,0
DA:380,0
DA:381,0
DA:382,0
DA:383,0
DA:386,0
DA:388,0
DA:389,0
DA:390,0
DA:391,0
DA:393,0
LF:162
LH:1
end_of_record
SF:lib/common/utils/distance.dart
DA:7,2
DA:10,2
DA:11,10
DA:12,22
DA:14,8
LF:5
LH:5
end_of_record
SF:lib/features/discovery/data/services/discovery_service.dart
DA:24,0
DA:25,0
DA:26,0
DA:27,0
DA:30,0
DA:31,0
DA:34,0
DA:42,0
DA:48,0
DA:49,0
DA:51,0
DA:52,0
DA:53,0
DA:55,0
DA:56,0
DA:59,0
DA:60,0
DA:64,0
DA:65,0
DA:69,0
DA:71,0
DA:77,0
DA:78,0
DA:79,0
DA:81,0
DA:85,0
DA:86,0
DA:92,0
DA:93,0
DA:96,0
DA:97,0
DA:101,0
DA:102,0
DA:108,0
DA:109,0
DA:115,0
DA:120,0
DA:121,0
DA:123,0
DA:125,0
DA:128,0
DA:129,0
DA:134,0
DA:136,0
DA:138,0
DA:139,0
DA:140,0
DA:142,0
DA:144,0
DA:145,0
DA:146,0
DA:148,0
DA:150,0
DA:151,0
DA:156,0
DA:158,0
DA:159,0
DA:161,0
DA:163,0
DA:166,0
DA:167,0
DA:169,0
DA:173,0
DA:175,0
DA:176,0
DA:177,0
DA:179,0
DA:181,0
DA:182,0
DA:187,0
DA:191,0
DA:192,0
DA:193,0
DA:194,0
DA:196,0
DA:197,0
DA:201,0
DA:202,0
DA:203,0
DA:204,0
DA:206,0
DA:207,0
DA:208,0
DA:212,0
DA:217,0
DA:218,0
DA:219,0
DA:221,0
DA:223,0
DA:224,0
DA:229,0
DA:231,0
DA:233,0
DA:234,0
DA:235,0
DA:239,0
DA:245,0
DA:249,0
DA:251,0
DA:258,0
DA:260,0
DA:261,0
DA:263,0
DA:269,0
DA:270,0
DA:271,0
DA:273,0
DA:280,0
DA:281,0
DA:291,0
DA:293,0
DA:295,0
DA:297,0
DA:302,0
DA:305,0
DA:306,0
DA:307,0
DA:311,0
DA:317,0
DA:319,0
DA:320,0
DA:321,0
DA:322,0
DA:326,0
DA:332,0
DA:334,0
DA:338,0
DA:339,0
DA:342,0
DA:346,0
DA:350,0
DA:351,0
DA:352,0
DA:356,0
DA:366,0
DA:372,0
DA:373,0
DA:375,0
DA:376,0
DA:377,0
DA:378,0
DA:380,0
DA:381,0
DA:382,0
DA:385,0
DA:386,0
DA:387,0
DA:388,0
DA:391,0
DA:394,0
DA:395,0
DA:402,0
DA:403,0
DA:406,0
DA:408,0
DA:410,0
DA:413,0
DA:418,0
DA:421,0
DA:425,0
DA:426,0
DA:431,0
DA:436,0
DA:437,0
DA:438,0
DA:439,0
DA:441,0
DA:447,0
DA:449,0
DA:454,0
DA:455,0
DA:457,0
DA:458,0
DA:459,0
DA:460,0
DA:464,0
DA:470,0
DA:472,0
DA:475,0
DA:477,0
DA:478,0
DA:479,0
DA:481,0
DA:483,0
DA:484,0
DA:489,0
DA:493,0
DA:495,0
DA:496,0
DA:497,0
DA:501,0
DA:502,0
DA:507,0
DA:509,0
DA:510,0
DA:511,0
DA:512,0
DA:519,0
DA:520,0
DA:521,0
DA:523,0
DA:525,0
DA:527,0
DA:535,0
DA:538,0
DA:540,0
DA:541,0
DA:542,0
DA:543,0
DA:544,0
DA:546,0
DA:547,0
DA:552,0
DA:553,0
DA:554,0
DA:556,0
DA:558,0
DA:559,0
DA:564,0
DA:565,0
DA:570,0
DA:575,0
DA:580,0
DA:585,0
DA:589,0
DA:603,0
DA:609,0
DA:611,0
DA:612,0
DA:614,0
DA:617,0
DA:620,0
DA:621,0
DA:626,0
DA:630,0
DA:631,0
DA:632,0
DA:633,0
DA:637,0
DA:638,0
DA:639,0
DA:643,0
DA:646,0
DA:647,0
DA:648,0
DA:652,0
DA:662,0
DA:664,0
DA:665,0
DA:667,0
DA:668,0
DA:671,0
DA:672,0
DA:673,0
DA:674,0
DA:676,0
DA:677,0
DA:679,0
DA:681,0
DA:683,0
DA:686,0
DA:689,0
DA:694,0
DA:696,0
DA:704,0
DA:705,0
DA:706,0
DA:707,0
DA:709,0
DA:710,0
DA:711,0
DA:716,0
DA:717,0
DA:719,0
DA:720,0
DA:721,0
DA:726,0
DA:727,0
DA:729,0
DA:733,0
DA:734,0
DA:735,0
DA:736,0
DA:740,0
DA:745,0
DA:748,0
DA:749,0
DA:750,0
DA:752,0
DA:754,0
DA:755,0
DA:760,0
DA:766,0
DA:767,0
DA:769,0
DA:770,0
DA:773,0
DA:774,0
DA:775,0
DA:776,0
DA:777,0
DA:780,0
DA:783,0
DA:784,0
DA:786,0
DA:788,0
DA:790,0
DA:792,0
DA:793,0
DA:797,0
DA:799,0
DA:807,0
DA:808,0
DA:809,0
DA:810,0
DA:812,0
DA:813,0
DA:814,0
DA:819,0
DA:820,0
DA:822,0
DA:823,0
DA:824,0
DA:829,0
DA:830,0
DA:832,0
DA:836,0
DA:837,0
DA:838,0
DA:839,0
DA:843,0
DA:848,0
DA:851,0
DA:852,0
DA:853,0
DA:855,0
DA:857,0
DA:858,0
DA:863,0
DA:868,0
DA:869,0
DA:871,0
DA:873,0
DA:874,0
DA:875,0
DA:876,0
DA:878,0
DA:879,0
DA:881,0
DA:883,0
DA:885,0
DA:887,0
DA:888,0
DA:892,0
DA:894,0
DA:901,0
DA:902,0
DA:903,0
DA:904,0
DA:906,0
DA:913,0
DA:914,0
DA:915,0
DA:918,0
DA:919,0
DA:920,0
DA:924,0
DA:929,0
DA:930,0
DA:934,0
DA:935,0
DA:936,0
DA:938,0
DA:940,0
DA:941,0
DA:946,0
DA:950,0
DA:951,0
DA:952,0
DA:953,0
DA:954,0
DA:955,0
DA:956,0
DA:957,0
DA:960,0
DA:963,0
DA:964,0
DA:965,0
DA:967,0
DA:970,0
DA:973,0
DA:974,0
DA:977,0
LF:393
LH:0
end_of_record
SF:lib/features/match/data/services/match_service.dart
DA:16,3
DA:19,1
DA:20,2
DA:25,1
DA:27,1
DA:28,2
DA:32,0
DA:34,0
DA:40,1
DA:42,1
DA:45,0
DA:51,0
DA:53,0
DA:59,1
DA:61,1
DA:63,0
DA:64,0
DA:66,0
DA:67,0
DA:68,0
DA:70,0
DA:71,0
DA:77,0
DA:83,1
DA:85,2
DA:87,0
DA:89,0
DA:90,0
DA:95,1
DA:97,2
DA:99,0
DA:100,0
DA:101,0
DA:102,0
DA:104,0
DA:105,0
DA:106,0
DA:107,0
DA:108,0
DA:111,0
DA:113,0
DA:114,0
DA:119,1
DA:121,4
DA:126,3
DA:132,1
DA:134,3
DA:137,3
DA:143,1
DA:145,1
DA:146,0
DA:148,0
DA:154,1
DA:156,2
DA:157,0
DA:159,0
DA:160,0
DA:165,1
DA:166,1
DA:167,2
DA:169,0
DA:173,1
DA:174,2
LF:63
LH:29
end_of_record
SF:lib/services/cached_user_service.dart
DA:17,0
DA:18,0
DA:19,0
DA:20,0
DA:31,0
DA:38,0
DA:40,0
DA:42,0
DA:46,0
DA:47,0
DA:48,0
DA:50,0
DA:51,0
DA:55,0
DA:60,0
DA:63,0
DA:69,0
DA:71,0
DA:72,0
DA:77,0
DA:81,0
DA:82,0
DA:84,0
DA:85,0
DA:86,0
DA:90,0
DA:94,0
DA:95,0
DA:99,0
DA:105,0
DA:109,0
DA:111,0
DA:113,0
DA:118,0
DA:120,0
DA:123,0
DA:124,0
DA:127,0
DA:128,0
DA:129,0
DA:130,0
DA:132,0
DA:133,0
DA:134,0
DA:137,0
DA:139,0
DA:144,0
DA:147,0
DA:148,0
DA:149,0
DA:153,0
DA:154,0
DA:155,0
DA:158,0
DA:160,0
DA:161,0
DA:162,0
DA:165,0
DA:166,0
DA:167,0
DA:169,0
DA:174,0
DA:177,0
DA:183,0
DA:186,0
DA:187,0
DA:188,0
DA:189,0
DA:192,0
DA:193,0
DA:195,0
DA:196,0
DA:197,0
DA:198,0
DA:199,0
DA:200,0
DA:204,0
DA:206,0
DA:211,0
DA:213,0
DA:216,0
DA:217,0
DA:218,0
DA:219,0
DA:223,0
DA:224,0
DA:225,0
DA:229,0
DA:230,0
DA:231,0
DA:232,0
DA:236,0
DA:237,0
DA:238,0
DA:241,0
DA:242,0
DA:245,0
DA:250,0
DA:251,0
DA:252,0
DA:253,0
DA:254,0
DA:255,0
DA:259,0
DA:260,0
DA:263,0
DA:267,0
DA:270,0
DA:271,0
DA:272,0
DA:278,0
DA:279,0
DA:282,0
DA:283,0
DA:288,0
DA:294,0
DA:295,0
DA:297,0
DA:298,0
DA:302,0
DA:305,0
DA:306,0
DA:310,0
DA:311,0
DA:314,0
DA:316,0
DA:317,0
DA:319,0
DA:322,0
DA:325,0
DA:330,0
DA:332,0
DA:333,0
DA:338,0
DA:341,0
DA:344,0
DA:345,0
DA:348,0
DA:349,0
DA:351,0
DA:352,0
DA:353,0
DA:355,0
DA:356,0
DA:357,0
DA:360,0
DA:365,0
DA:366,0
DA:367,0
DA:368,0
DA:369,0
DA:370,0
DA:371,0
DA:373,0
DA:374,0
DA:375,0
DA:376,0
LF:157
LH:0
end_of_record
SF:lib/services/paginated_user_service.dart
DA:16,0
DA:19,0
DA:23,0
DA:30,0
DA:32,0
DA:36,0
DA:40,0
DA:41,0
DA:45,0
DA:47,0
DA:50,0
DA:51,0
DA:53,0
DA:55,0
DA:56,0
DA:57,0
DA:61,0
DA:62,0
DA:67,0
DA:68,0
DA:71,0
DA:72,0
DA:73,0
DA:74,0
DA:75,0
DA:83,0
DA:84,0
DA:85,0
DA:88,0
DA:94,0
DA:96,0
DA:98,0
DA:100,0
DA:104,0
DA:107,0
DA:108,0
DA:109,0
DA:113,0
DA:119,0
DA:120,0
DA:122,0
DA:123,0
DA:124,0
DA:125,0
DA:128,0
DA:129,0
DA:130,0
DA:133,0
DA:135,0
DA:136,0
DA:138,0
DA:139,0
DA:142,0
DA:152,0
DA:153,0
DA:155,0
DA:163,0
DA:168,0
DA:171,0
DA:172,0
DA:173,0
DA:174,0
DA:176,0
DA:177,0
DA:178,0
DA:179,0
DA:183,0
DA:184,0
DA:185,0
DA:186,0
DA:188,0
DA:189,0
DA:190,0
DA:191,0
DA:197,0
DA:200,0
DA:201,0
DA:206,0
DA:207,0
DA:208,0
DA:212,0
DA:214,0
DA:215,0
DA:218,0
DA:219,0
DA:221,0
DA:223,0
DA:229,0
DA:236,0
DA:237,0
DA:238,0
DA:240,0
DA:241,0
DA:243,0
DA:251,0
DA:264,0
DA:265,0
DA:266,0
DA:268,0
DA:270,0
DA:276,0
DA:277,0
DA:278,0
DA:279,0
DA:280,0
DA:281,0
DA:282,0
LF:107
LH:0
end_of_record
SF:lib/common/utils/app_logger.dart
DA:16,0
DA:18,0
DA:28,0
DA:29,0
DA:38,0
DA:39,0
DA:49,0
DA:54,0
LF:8
LH:0
end_of_record
SF:lib/config/secure_config.dart
DA:11,0
DA:15,0
DA:18,0
DA:22,0
DA:23,0
DA:28,0
DA:36,0
DA:37,0
DA:43,0
DA:45,0
DA:49,0
DA:50,0
DA:51,0
DA:54,0
DA:55,0
DA:56,0
DA:59,0
DA:60,0
DA:61,0
DA:64,0
DA:65,0
DA:66,0
DA:71,0
DA:72,0
DA:73,0
DA:76,0
DA:77,0
DA:78,0
DA:81,0
DA:82,0
DA:83,0
DA:86,0
DA:87,0
DA:88,0
DA:91,0
DA:94,0
DA:95,0
DA:98,0
DA:101,0
DA:105,0
DA:109,0
DA:113,0
DA:116,0
DA:128,0
DA:129,0
DA:130,0
DA:131,0
DA:135,0
DA:138,0
DA:142,0
DA:143,0
DA:148,0
LF:52
LH:0
end_of_record
SF:lib/features/discovery/data/services/discovery_filtering.dart
DA:6,1
DA:7,2
DA:8,1
DA:11,1
DA:12,1
DA:13,1
DA:15,1
DA:16,1
DA:17,1
DA:19,1
DA:20,1
DA:21,1
DA:22,1
DA:29,1
DA:30,2
DA:32,1
DA:33,2
DA:34,1
DA:38,1
DA:39,3
DA:40,1
DA:41,1
DA:45,1
DA:49,1
LF:24
LH:24
end_of_record
SF:lib/services/mode_specific_filtering_service.dart
DA:9,0
DA:15,0
DA:20,0
DA:21,0
DA:23,0
DA:24,0
DA:26,0
DA:27,0
DA:29,0
DA:30,0
DA:33,0
DA:36,0
DA:39,0
DA:45,0
DA:46,0
DA:49,0
DA:63,0
DA:72,0
DA:83,0
DA:88,0
DA:99,0
DA:100,0
DA:107,0
DA:108,0
DA:114,1
DA:119,1
DA:120,1
DA:121,1
DA:122,3
DA:123,3
DA:125,3
DA:126,1
DA:131,1
DA:132,1
DA:133,1
DA:134,3
DA:135,3
DA:137,3
DA:138,1
DA:143,1
DA:144,1
DA:145,1
DA:146,3
DA:147,3
DA:149,1
DA:150,1
DA:155,0
DA:156,0
DA:157,0
DA:158,0
DA:159,0
DA:161,0
DA:162,0
DA:173,0
DA:174,0
DA:175,0
DA:176,0
DA:178,0
DA:179,0
DA:193,1
DA:195,1
DA:196,2
DA:199,1
DA:200,1
DA:201,1
DA:202,1
DA:203,1
DA:204,1
DA:209,0
DA:214,1
DA:215,3
DA:216,1
DA:217,2
DA:218,0
DA:222,1
DA:223,1
DA:224,2
DA:225,2
DA:229,1
DA:230,1
DA:231,2
DA:232,2
DA:237,1
DA:239,1
DA:240,1
DA:248,1
DA:249,1
DA:257,1
DA:258,1
DA:266,0
DA:267,0
DA:276,0
LF:92
LH:50
end_of_record
SF:lib/services/privacy_migration_service.dart
DA:14,0
DA:16,0
DA:19,0
DA:21,0
DA:27,0
DA:29,0
DA:32,0
DA:33,0
DA:34,0
DA:38,0
DA:39,0
DA:42,0
DA:43,0
DA:44,0
DA:45,0
DA:46,0
DA:47,0
DA:49,0
DA:50,0
DA:56,0
DA:57,0
DA:58,0
DA:59,0
DA:60,0
DA:61,0
DA:64,0
DA:65,0
DA:68,0
DA:69,0
DA:70,0
DA:71,0
DA:72,0
DA:73,0
DA:76,0
DA:77,0
DA:78,0
DA:79,0
DA:80,0
DA:81,0
DA:84,0
DA:86,0
DA:89,0
DA:95,0
DA:99,0
DA:100,0
DA:101,0
DA:102,0
DA:103,0
DA:104,0
DA:105,0
DA:106,0
DA:107,0
DA:108,0
DA:112,0
DA:113,0
DA:114,0
DA:115,0
DA:118,0
DA:119,0
DA:122,0
DA:123,0
DA:126,0
DA:128,0
DA:129,0
DA:132,0
DA:136,0
DA:137,0
DA:138,0
DA:141,0
DA:144,0
DA:145,0
DA:146,0
DA:147,0
DA:151,0
DA:152,0
DA:153,0
DA:154,0
DA:155,0
DA:156,0
DA:157,0
DA:158,0
DA:159,0
DA:160,0
DA:166,0
DA:167,0
DA:168,0
DA:169,0
DA:170,0
DA:171,0
DA:172,0
DA:173,0
DA:174,0
DA:175,0
DA:176,0
DA:177,0
DA:178,0
DA:179,0
DA:180,0
DA:181,0
DA:182,0
DA:183,0
DA:184,0
DA:188,0
DA:193,0
DA:213,0
DA:214,0
DA:215,0
DA:216,0
DA:221,0
DA:222,0
DA:224,0
DA:225,0
DA:230,0
DA:232,0
DA:234,0
DA:235,0
DA:239,0
DA:241,0
DA:243,0
DA:245,0
DA:247,0
DA:251,0
DA:252,0
DA:253,0
DA:258,0
DA:260,0
DA:261,0
DA:265,0
DA:266,0
DA:267,0
DA:268,0
DA:270,0
DA:275,0
DA:277,0
DA:278,0
DA:279,0
DA:280,0
DA:281,0
DA:282,0
DA:284,0
DA:286,0
DA:292,0
DA:294,0
DA:296,0
DA:299,0
DA:302,0
DA:303,0
DA:304,0
DA:305,0
DA:306,0
DA:307,0
DA:309,0
DA:310,0
DA:311,0
DA:312,0
DA:313,0
DA:314,0
DA:316,0
DA:318,0
DA:319,0
DA:320,0
DA:323,0
DA:326,0
DA:331,0
DA:333,0
DA:336,0
DA:337,0
DA:338,0
DA:339,0
DA:340,0
DA:341,0
DA:343,0
DA:344,0
DA:347,0
DA:349,0
DA:350,0
DA:355,0
DA:356,0
DA:357,0
DA:358,0
DA:359,0
DA:360,0
DA:362,0
DA:363,0
DA:364,0
DA:365,0
DA:366,0
DA:367,0
DA:369,0
DA:370,0
DA:371,0
DA:372,0
DA:373,0
DA:374,0
DA:376,0
DA:379,0
LF:196
LH:0
end_of_record
SF:lib/features/discovery/data/services/smart_match_service.dart
DA:23,0
DA:29,0
DA:31,0
DA:34,0
DA:39,0
DA:40,0
DA:41,0
DA:45,0
DA:47,0
DA:52,0
DA:58,0
DA:59,0
DA:62,0
DA:63,0
DA:65,0
DA:67,0
DA:70,0
DA:71,0
DA:76,0
DA:81,0
DA:82,0
DA:83,0
DA:86,0
DA:88,0
DA:90,0
DA:96,0
DA:97,0
DA:105,0
DA:107,0
DA:108,0
DA:110,0
DA:111,0
DA:118,0
DA:123,0
DA:124,0
DA:128,0
DA:131,0
DA:134,0
DA:138,0
DA:141,0
DA:143,0
DA:144,0
DA:150,0
DA:151,0
DA:155,0
DA:156,0
DA:160,0
DA:164,0
DA:165,0
DA:166,0
DA:167,0
DA:172,0
DA:173,0
DA:174,0
DA:180,0
DA:181,0
DA:184,0
DA:189,0
DA:190,0
DA:193,0
DA:194,0
DA:196,0
DA:197,0
DA:199,0
DA:201,0
DA:202,0
DA:204,0
DA:209,0
DA:213,0
DA:214,0
DA:216,0
DA:217,0
DA:221,0
DA:222,0
DA:226,0
DA:227,0
DA:233,0
DA:237,0
DA:242,0
DA:243,0
DA:245,0
DA:246,0
DA:247,0
DA:251,0
DA:254,0
DA:255,0
DA:257,0
DA:260,0
DA:265,0
DA:269,0
DA:270,0
DA:272,0
DA:273,0
DA:277,0
DA:278,0
DA:282,0
DA:283,0
DA:289,0
DA:290,0
DA:292,0
DA:294,0
DA:296,0
DA:300,0
DA:303,0
DA:304,0
DA:305,0
DA:306,0
DA:308,0
DA:309,0
DA:310,0
DA:314,0
DA:315,0
DA:320,0
DA:326,0
DA:329,0
DA:331,0
DA:332,0
DA:336,0
DA:340,0
DA:341,0
DA:345,0
DA:353,0
DA:354,0
DA:359,0
DA:363,0
DA:366,0
DA:372,0
DA:373,0
DA:377,0
DA:381,0
DA:382,0
DA:386,0
DA:388,0
DA:393,0
DA:394,0
DA:395,0
DA:397,0
DA:398,0
DA:401,0
DA:402,0
DA:405,0
DA:406,0
DA:409,0
DA:410,0
DA:415,0
DA:419,0
DA:422,0
DA:426,0
DA:427,0
DA:431,0
DA:433,0
DA:439,0
DA:441,0
DA:443,0
DA:445,0
DA:448,0
DA:452,0
DA:454,0
DA:455,0
DA:463,0
DA:466,0
DA:467,0
DA:472,0
DA:476,0
DA:480,0
DA:481,0
DA:482,0
DA:486,0
DA:487,0
DA:488,0
DA:492,0
DA:494,0
DA:498,0
DA:499,0
DA:503,0
DA:505,0
DA:506,0
DA:508,0
DA:518,2
DA:528,0
DA:535,0
DA:544,0
DA:546,0
DA:547,0
DA:554,0
DA:570,0
DA:571,0
DA:573,0
DA:575,0
DA:580,2
DA:591,0
DA:610,0
DA:611,0
DA:613,0
DA:614,0
DA:617,0
DA:618,0
DA:620,0
DA:621,0
DA:622,0
DA:623,0
DA:624,0
DA:625,0
DA:626,0
DA:627,0
DA:628,0
LF:206
LH:2
end_of_record
SF:lib/services/mode_specific_compatibility_engine.dart
DA:11,1
DA:18,1
DA:19,1
DA:20,1
DA:21,1
DA:22,1
DA:23,1
DA:25,0
DA:28,0
DA:35,1
DA:42,1
DA:43,2
DA:46,1
DA:47,2
DA:50,1
DA:51,2
DA:54,1
DA:55,2
DA:58,1
DA:59,2
DA:61,1
DA:63,2
DA:64,5
DA:66,2
DA:67,11
DA:75,1
DA:82,1
DA:83,2
DA:86,1
DA:87,2
DA:90,1
DA:91,2
DA:94,1
DA:95,2
DA:98,1
DA:99,2
DA:101,1
DA:103,2
DA:104,5
DA:106,2
DA:107,11
DA:115,1
DA:122,1
DA:123,2
DA:126,1
DA:127,2
DA:130,1
DA:131,2
DA:134,1
DA:135,2
DA:137,1
DA:139,2
DA:140,5
DA:142,2
DA:143,9
DA:151,1
DA:153,1
DA:154,1
DA:155,2
DA:156,2
DA:160,2
DA:161,2
DA:162,2
DA:163,2
DA:170,6
DA:173,1
DA:175,1
DA:176,4
DA:181,0
DA:186,1
DA:202,0
DA:207,1
DA:221,0
DA:226,1
DA:240,0
DA:245,1
DA:251,2
DA:252,2
DA:254,2
DA:259,1
DA:267,1
DA:275,1
DA:283,2
DA:284,2
DA:285,2
DA:286,2
DA:287,2
DA:288,2
DA:300,0
DA:305,1
DA:311,0
DA:316,1
DA:318,1
DA:319,1
DA:320,2
DA:322,1
DA:324,0
DA:325,0
DA:330,0
DA:335,1
DA:342,3
DA:343,3
DA:344,3
DA:345,3
DA:346,2
DA:348,3
DA:349,3
DA:350,3
DA:351,3
DA:352,2
DA:355,2
DA:357,0
DA:363,1
DA:369,1
DA:370,1
DA:372,2
DA:373,2
DA:374,2
DA:375,2
DA:376,2
DA:378,1
DA:379,1
DA:380,2
DA:381,2
DA:382,2
DA:383,2
DA:384,2
DA:386,1
DA:387,1
DA:389,2
DA:390,2
DA:391,2
DA:392,2
DA:395,0
DA:396,0
LF:135
LH:121
end_of_record
SF:lib/services/performance_monitor.dart
DA:7,0
DA:8,0
DA:9,0
DA:17,0
DA:18,0
DA:19,0
DA:21,0
DA:25,0
DA:26,0
DA:28,0
DA:32,0
DA:33,0
DA:36,0
DA:37,0
DA:40,0
DA:41,0
DA:45,0
DA:46,0
DA:49,0
DA:52,0
DA:58,0
DA:59,0
DA:60,0
DA:61,0
DA:63,0
DA:65,0
DA:66,0
DA:67,0
DA:73,0
DA:74,0
DA:75,0
DA:77,0
DA:78,0
DA:80,0
DA:87,0
DA:92,0
DA:93,0
DA:96,0
DA:97,0
DA:101,0
DA:102,0
DA:103,0
DA:106,0
DA:107,0
DA:112,0
DA:113,0
DA:114,0
DA:118,0
DA:119,0
DA:120,0
DA:122,0
DA:125,0
DA:126,0
DA:127,0
DA:128,0
DA:129,0
DA:130,0
DA:131,0
DA:136,0
DA:137,0
DA:139,0
DA:140,0
DA:142,0
DA:150,0
DA:153,0
DA:154,0
DA:155,0
DA:156,0
DA:158,0
DA:159,0
DA:160,0
DA:161,0
DA:165,0
DA:166,0
DA:168,0
DA:169,0
DA:170,0
DA:173,0
DA:174,0
DA:175,0
DA:176,0
DA:178,0
DA:179,0
DA:180,0
DA:181,0
DA:184,0
DA:189,0
DA:190,0
DA:192,0
DA:193,0
DA:194,0
DA:195,0
DA:197,0
DA:198,0
DA:201,0
DA:205,0
DA:206,0
DA:207,0
DA:208,0
DA:209,0
DA:213,0
DA:217,0
DA:219,0
DA:220,0
DA:223,0
DA:224,0
DA:230,0
DA:231,0
DA:233,0
DA:234,0
DA:237,0
DA:238,0
DA:246,0
DA:267,0
DA:268,0
DA:270,0
DA:272,0
DA:277,0
DA:278,0
DA:280,0
LF:120
LH:0
end_of_record
SF:lib/features/match/data/services/compatibility_engine.dart
DA:24,2
DA:29,2
DA:30,4
DA:33,2
DA:34,4
DA:37,2
DA:38,4
DA:41,2
DA:42,4
DA:45,2
DA:46,4
DA:49,2
DA:51,4
DA:52,10
DA:54,4
DA:55,22
DA:60,0
DA:66,2
DA:68,2
DA:69,2
DA:70,4
DA:72,2
DA:74,0
DA:75,0
DA:76,0
DA:77,0
DA:79,0
DA:84,0
DA:90,2
DA:92,2
DA:93,1
DA:94,2
DA:95,2
DA:99,2
DA:100,2
DA:101,2
DA:102,2
DA:108,1
DA:110,1
DA:112,1
DA:114,5
DA:115,1
DA:120,0
DA:126,2
DA:128,2
DA:129,2
DA:131,4
DA:135,2
DA:136,2
DA:138,2
DA:142,6
DA:143,2
DA:144,4
DA:146,4
DA:148,0
DA:153,2
DA:156,6
DA:157,2
DA:158,2
DA:159,4
DA:160,2
DA:161,8
DA:162,2
DA:163,2
DA:166,2
DA:167,0
DA:168,0
DA:169,0
DA:170,0
DA:171,0
DA:172,0
DA:175,2
DA:176,0
DA:179,2
DA:180,0
DA:183,2
DA:184,0
DA:187,2
DA:188,0
DA:194,2
DA:196,2
DA:197,2
DA:198,4
DA:199,2
DA:200,4
DA:201,2
DA:202,4
DA:204,0
DA:209,2
DA:212,2
DA:214,0
DA:215,0
DA:216,0
DA:217,0
DA:218,0
DA:219,0
DA:223,2
DA:224,4
DA:226,3
DA:227,2
DA:228,0
DA:229,2
DA:230,0
DA:233,4
DA:234,2
DA:235,0
DA:238,2
DA:241,2
DA:243,2
DA:244,2
DA:245,4
DA:246,2
DA:247,4
DA:249,0
DA:254,2
DA:259,2
DA:260,2
DA:261,4
DA:262,2
DA:263,2
DA:266,4
DA:267,2
DA:268,2
DA:269,2
DA:273,2
DA:274,4
DA:275,1
DA:278,2
DA:279,2
DA:280,2
DA:281,2
DA:282,2
DA:283,2
DA:286,4
DA:287,2
DA:288,0
DA:289,0
DA:293,2
DA:294,4
DA:295,1
DA:298,4
DA:299,2
DA:302,0
DA:306,0
DA:307,0
DA:308,0
DA:309,0
DA:310,0
DA:312,0
DA:313,0
DA:314,0
DA:315,0
DA:316,0
DA:318,0
DA:325,0
DA:326,0
DA:327,0
DA:328,0
DA:332,0
DA:336,0
DA:338,0
DA:339,0
DA:340,0
DA:341,0
DA:349,0
DA:356,0
DA:379,0
DA:380,0
DA:381,0
DA:382,0
DA:383,0
DA:384,0
DA:385,0
DA:386,0
DA:392,0
DA:399,0
DA:400,0
DA:402,0
DA:404,0
DA:405,0
DA:407,0
DA:409,0
DA:411,0
LF:183
LH:110
end_of_record
SF:lib/features/match/data/services/likes_service.dart
DA:18,0
DA:21,0
DA:22,1
DA:23,2
DA:24,0
DA:25,0
DA:26,0
DA:29,3
DA:30,3
DA:36,1
DA:38,2
DA:39,2
DA:43,0
DA:46,0
DA:51,0
DA:52,0
DA:53,0
DA:57,0
DA:59,0
DA:60,0
DA:63,0
DA:66,0
DA:67,0
DA:70,0
DA:74,0
DA:78,0
DA:81,0
DA:82,0
DA:83,0
DA:84,0
DA:85,0
DA:86,0
DA:96,0
DA:102,0
DA:103,0
DA:104,0
DA:105,0
DA:106,0
DA:113,0
DA:114,0
DA:118,0
DA:119,0
DA:120,0
DA:121,0
DA:124,0
DA:125,0
DA:126,0
DA:127,0
DA:128,0
DA:129,0
DA:139,0
DA:140,0
DA:141,0
DA:142,0
DA:143,0
DA:144,0
DA:145,0
DA:155,0
DA:156,0
DA:157,0
DA:159,0
DA:160,0
DA:161,0
DA:164,0
DA:171,0
DA:172,0
DA:174,0
DA:176,0
DA:181,0
DA:190,0
DA:191,0
DA:193,0
DA:196,0
DA:199,0
DA:205,0
DA:211,0
DA:212,0
DA:213,0
DA:216,0
DA:217,0
DA:219,0
DA:220,0
DA:225,0
DA:226,0
DA:228,0
DA:229,0
DA:231,0
DA:232,0
DA:233,0
DA:238,0
DA:239,0
DA:241,0
DA:242,0
DA:245,0
DA:248,0
DA:249,0
DA:251,0
DA:252,0
DA:253,0
DA:260,0
DA:261,0
DA:262,0
DA:269,0
DA:270,0
DA:272,0
DA:273,0
DA:274,0
DA:281,0
DA:282,0
DA:285,0
DA:286,0
DA:290,0
DA:291,0
DA:292,0
DA:297,0
DA:299,0
DA:303,0
DA:304,0
DA:305,0
DA:310,0
DA:312,0
DA:316,0
DA:318,0
DA:321,0
DA:325,0
DA:331,0
DA:332,0
DA:334,0
DA:335,0
DA:339,0
DA:340,0
DA:342,0
DA:343,0
DA:344,0
DA:348,0
DA:349,0
DA:350,0
DA:353,0
DA:354,0
DA:359,0
DA:364,0
DA:367,0
DA:368,0
DA:375,0
DA:377,0
DA:382,0
DA:384,0
DA:388,0
DA:391,0
DA:392,0
DA:393,0
DA:394,0
DA:396,0
DA:398,0
DA:399,0
DA:401,0
DA:406,0
DA:411,0
DA:413,0
DA:415,0
DA:416,0
DA:419,0
DA:420,0
DA:422,0
DA:425,0
DA:426,0
DA:430,0
DA:436,0
DA:439,0
DA:441,0
DA:442,0
DA:443,0
DA:444,0
DA:446,0
DA:447,0
DA:452,0
DA:455,0
DA:457,0
DA:458,0
DA:459,0
DA:460,0
DA:462,0
DA:463,0
DA:468,0
DA:470,0
DA:471,0
DA:472,0
DA:473,0
DA:474,0
DA:476,0
DA:478,0
DA:479,0
DA:484,0
DA:486,0
DA:487,0
DA:490,0
DA:491,0
DA:492,0
DA:494,0
DA:497,0
DA:503,1
DA:505,3
DA:506,0
DA:507,0
DA:511,3
DA:517,0
DA:518,0
DA:519,0
DA:520,0
DA:521,0
DA:522,0
DA:526,2
DA:527,2
DA:528,3
DA:529,0
DA:530,0
DA:531,0
DA:536,1
DA:537,2
DA:538,2
DA:539,2
DA:545,2
LF:222
LH:18
end_of_record
SF:lib/features/match/models/match_model.dart
DA:4,1
DA:13,1
DA:14,1
DA:16,1
DA:17,1
DA:18,3
DA:19,2
DA:20,2
DA:21,1
DA:22,1
DA:23,1
DA:33,2
DA:34,2
DA:35,2
DA:36,2
DA:37,3
DA:41,1
DA:48,1
DA:49,1
DA:50,1
DA:51,1
DA:52,1
DA:53,1
DA:56,1
DA:58,6
DA:60,1
DA:64,1
DA:65,3
DA:66,5
DA:67,4
DA:68,3
DA:69,3
DA:72,1
DA:74,3
DA:75,3
DA:76,3
DA:77,2
LF:37
LH:37
end_of_record
SF:lib/features/home/bloc/swipebloc_event.dart
DA:4,2
DA:6,0
DA:7,0
DA:11,2
DA:18,0
DA:19,0
DA:23,2
DA:27,0
DA:28,0
LF:9
LH:3
end_of_record
SF:lib/features/home/bloc/swipebloc_bloc.dart
DA:13,2
DA:20,4
DA:21,4
DA:23,8
DA:25,6
DA:26,4
DA:28,6
DA:29,2
DA:31,0
DA:32,0
DA:36,4
DA:39,8
DA:42,6
DA:46,1
DA:47,1
DA:49,1
DA:53,4
DA:56,6
DA:57,2
DA:59,2
DA:60,2
LF:21
LH:19
end_of_record
SF:lib/features/home/bloc/swipebloc_state.dart
DA:4,2
DA:6,1
DA:7,1
DA:15,2
DA:18,2
DA:19,4
DA:23,1
DA:30,1
DA:31,3
LF:9
LH:9
end_of_record
SF:lib/features/chat/ui/widgets/send_message_box.dart
DA:25,1
DA:28,0
DA:38,0
DA:39,0
DA:59,0
DA:60,0
DA:61,0
DA:64,0
DA:65,0
DA:66,0
DA:67,0
DA:71,0
DA:72,0
DA:73,0
DA:74,0
DA:75,0
DA:79,0
DA:81,0
DA:82,0
DA:83,0
DA:86,0
DA:88,0
DA:89,0
DA:90,0
DA:94,0
DA:96,0
DA:98,0
DA:99,0
DA:100,0
DA:101,0
DA:102,0
DA:106,0
DA:107,0
DA:108,0
DA:111,0
DA:112,0
DA:113,0
DA:115,0
DA:118,0
DA:123,0
DA:125,0
DA:126,0
DA:127,0
DA:128,0
DA:129,0
DA:132,0
DA:133,0
DA:134,0
DA:135,0
DA:136,0
DA:137,0
DA:142,0
DA:144,0
DA:145,0
DA:146,0
DA:147,0
DA:148,0
DA:149,0
DA:150,0
DA:151,0
DA:152,0
DA:158,0
DA:159,0
DA:160,0
DA:162,0
DA:163,0
DA:164,0
DA:165,0
DA:167,0
DA:168,0
DA:169,0
DA:170,0
DA:171,0
DA:172,0
DA:176,0
DA:177,0
DA:178,0
DA:179,0
DA:180,0
DA:181,0
DA:186,0
DA:187,0
DA:192,0
DA:195,0
DA:196,0
DA:198,0
DA:199,0
DA:200,0
DA:202,0
DA:203,0
DA:204,0
DA:205,0
DA:206,0
DA:207,0
DA:208,0
DA:209,0
DA:210,0
DA:211,0
DA:219,0
DA:224,0
DA:225,0
DA:226,0
DA:227,0
DA:231,0
DA:232,0
DA:233,0
DA:234,0
DA:235,0
DA:236,0
DA:237,0
DA:239,0
DA:249,0
DA:250,0
DA:252,0
DA:254,0
DA:255,0
DA:256,0
DA:257,0
DA:258,0
DA:259,0
DA:262,0
DA:263,0
DA:264,0
DA:268,0
DA:271,0
DA:273,0
DA:274,0
DA:275,0
DA:276,0
DA:278,0
DA:279,0
DA:280,0
DA:281,0
DA:286,0
DA:291,0
DA:292,0
DA:294,0
DA:296,0
DA:299,0
DA:300,0
DA:302,0
DA:303,0
DA:304,0
DA:305,0
DA:306,0
DA:309,0
DA:310,0
DA:311,0
DA:316,0
DA:317,0
DA:319,0
DA:324,0
DA:325,0
DA:326,0
DA:327,0
DA:329,0
DA:330,0
DA:331,0
DA:333,0
DA:334,0
DA:337,0
DA:338,0
DA:339,0
DA:340,0
DA:343,0
DA:347,0
DA:348,0
DA:350,0
DA:351,0
DA:355,0
DA:356,0
DA:357,0
DA:360,0
DA:362,0
DA:367,0
DA:369,0
DA:377,0
DA:378,0
DA:379,0
DA:386,0
DA:387,0
DA:391,0
DA:392,0
DA:393,0
DA:394,0
DA:396,0
DA:397,0
DA:398,0
DA:400,0
DA:401,0
LF:190
LH:1
end_of_record
SF:lib/common/bloc/user/user_state.dart
DA:5,1
DA:7,0
DA:8,0
DA:13,1
DA:18,1
DA:23,1
DA:26,0
DA:27,0
DA:32,0
DA:35,0
DA:36,0
LF:11
LH:4
end_of_record
SF:lib/common/bloc/user/user_event.dart
DA:5,1
DA:7,0
DA:8,0
DA:13,1
DA:18,1
DA:23,1
DA:28,1
DA:31,0
DA:32,0
DA:37,1
DA:40,0
DA:41,0
LF:12
LH:6
end_of_record
SF:lib/common/bloc/user/user_bloc.dart
DA:17,0
DA:18,0
DA:19,0
DA:20,0
DA:21,0
DA:22,0
DA:25,0
DA:36,0
DA:37,0
DA:38,0
DA:43,0
DA:48,0
DA:49,0
DA:52,0
DA:53,0
DA:56,0
DA:59,0
DA:60,0
DA:65,0
DA:68,0
DA:72,0
DA:73,0
DA:74,0
DA:77,0
DA:81,0
DA:82,0
DA:83,0
DA:84,0
DA:85,0
DA:88,0
DA:92,0
DA:95,0
DA:99,0
DA:100,0
DA:104,0
DA:105,0
DA:108,0
DA:110,0
DA:111,0
DA:113,0
DA:114,0
DA:115,0
DA:117,0
DA:118,0
DA:120,0
DA:122,0
DA:123,0
DA:127,0
DA:130,0
DA:131,0
DA:135,0
DA:139,0
DA:140,0
DA:141,0
DA:145,0
DA:146,0
DA:151,0
DA:153,0
DA:154,0
DA:155,0
LF:60
LH:0
end_of_record
SF:lib/common/constants/app_colors.dart
DA:7,0
DA:139,0
DA:147,0
DA:148,0
DA:149,0
DA:155,0
DA:164,0
DA:166,0
DA:178,0
DA:182,0
DA:183,0
DA:186,0
DA:187,0
DA:192,0
DA:193,0
LF:15
LH:0
end_of_record
SF:lib/common/widgets/animated_loading_indicator.dart
DA:7,1
DA:15,0
DA:17,0
DA:24,0
DA:26,0
DA:27,0
DA:31,0
DA:34,0
DA:36,0
DA:37,0
DA:40,0
DA:41,0
DA:42,0
DA:43,0
DA:48,0
DA:49,0
DA:50,0
DA:51,0
DA:52,0
DA:53,0
DA:55,0
DA:57,0
DA:58,0
DA:59,0
DA:60,0
DA:62,0
DA:63,0
DA:69,0
DA:70,0
DA:71,0
DA:72,0
DA:73,0
DA:74,0
DA:75,0
DA:80,0
DA:82,0
DA:83,0
DA:94,0
DA:101,0
DA:103,0
DA:104,0
DA:107,0
DA:108,0
DA:109,0
DA:112,0
DA:113,0
DA:114,0
DA:116,0
DA:119,0
DA:121,0
LF:50
LH:1
end_of_record
SF:lib/common/widgets/loading_transition_screen.dart
DA:7,1
DA:13,0
DA:14,0
DA:16,0
DA:17,0
DA:19,0
DA:25,0
DA:26,0
DA:27,0
DA:35,0
DA:37,0
DA:39,0
LF:12
LH:1
end_of_record
SF:lib/features/onboarding/bloc/onboarding_state.dart
DA:4,4
DA:6,0
DA:7,0
DA:8,0
DA:12,0
DA:13,0
DA:17,0
DA:21,3
DA:26,1
DA:27,2
DA:31,0
DA:36,0
DA:37,0
DA:41,1
DA:45,1
DA:49,0
DA:50,0
LF:17
LH:6
end_of_record
SF:lib/features/onboarding/bloc/onboarding_event.dart
DA:4,1
DA:6,0
DA:7,0
DA:12,0
DA:16,0
DA:17,0
DA:21,0
DA:25,0
DA:26,0
DA:30,0
DA:34,0
DA:35,0
DA:39,0
DA:43,0
DA:44,0
DA:48,1
DA:52,0
DA:53,0
DA:57,0
DA:61,0
DA:62,0
DA:66,0
DA:70,0
DA:71,0
DA:75,0
DA:79,0
DA:80,0
DA:84,0
DA:88,0
DA:89,0
DA:93,0
DA:97,0
DA:98,0
DA:102,0
DA:106,0
DA:107,0
DA:111,0
DA:115,0
DA:116,0
DA:120,0
DA:124,0
DA:125,0
DA:129,0
DA:133,0
DA:134,0
DA:138,0
DA:142,0
DA:143,0
DA:147,0
DA:151,0
DA:152,0
DA:156,0
DA:160,0
DA:161,0
DA:165,0
DA:169,0
DA:170,0
DA:174,0
DA:179,0
DA:180,0
DA:184,0
DA:189,0
DA:190,0
DA:194,0
DA:198,0
DA:199,0
DA:203,0
DA:207,0
DA:208,0
DA:212,0
DA:216,0
DA:217,0
DA:221,0
DA:225,0
DA:226,0
DA:230,0
DA:234,0
DA:235,0
DA:239,0
DA:243,0
DA:244,0
DA:248,0
DA:252,0
DA:253,0
DA:257,0
DA:263,0
DA:264,0
DA:268,0
DA:274,0
DA:275,0
DA:279,0
DA:283,0
DA:284,0
DA:288,0
DA:292,0
DA:293,0
DA:297,0
DA:302,0
DA:303,0
DA:307,0
DA:311,0
DA:312,0
LF:102
LH:2
end_of_record
SF:lib/features/onboarding/bloc/onboarding_bloc.dart
DA:22,3
DA:25,9
DA:26,6
DA:27,6
DA:28,6
DA:29,6
DA:30,6
DA:31,6
DA:32,6
DA:33,6
DA:34,6
DA:35,6
DA:36,6
DA:37,6
DA:38,6
DA:39,6
DA:40,6
DA:41,6
DA:42,6
DA:43,6
DA:44,6
DA:45,6
DA:46,6
DA:47,6
DA:48,6
DA:49,6
DA:50,6
DA:51,6
DA:52,6
DA:53,6
DA:54,6
DA:55,6
DA:56,6
DA:57,6
DA:58,6
DA:65,0
DA:66,0
DA:67,0
DA:68,0
DA:70,0
DA:72,0
DA:76,0
DA:80,0
DA:82,0
DA:83,0
DA:84,0
DA:89,0
DA:93,0
DA:95,0
DA:98,0
DA:102,0
DA:104,0
DA:107,0
DA:111,0
DA:113,0
DA:116,1
DA:117,1
DA:119,4
DA:122,0
DA:126,0
DA:128,0
DA:129,0
DA:130,0
DA:131,0
DA:132,0
DA:133,0
DA:136,0
DA:140,0
DA:142,0
DA:143,0
DA:144,0
DA:147,0
DA:151,0
DA:153,0
DA:154,0
DA:158,0
DA:162,0
DA:164,0
DA:167,0
DA:171,0
DA:173,0
DA:176,0
DA:180,0
DA:182,0
DA:185,0
DA:189,0
DA:191,0
DA:194,0
DA:198,0
DA:200,0
DA:203,0
DA:207,0
DA:209,0
DA:212,0
DA:216,0
DA:218,0
DA:221,0
DA:225,0
DA:227,0
DA:230,0
DA:234,0
DA:236,0
DA:239,0
DA:243,0
DA:245,0
DA:248,0
DA:252,0
DA:254,0
DA:257,0
DA:261,0
DA:263,0
DA:264,0
DA:265,0
DA:270,0
DA:274,0
DA:276,0
DA:279,0
DA:283,0
DA:285,0
DA:286,0
DA:287,0
DA:292,0
DA:296,0
DA:298,0
DA:301,0
DA:305,0
DA:307,0
DA:310,0
DA:314,0
DA:316,0
DA:319,0
DA:323,0
DA:325,0
DA:328,0
DA:332,0
DA:334,0
DA:337,0
DA:341,0
DA:343,0
DA:344,0
DA:345,0
DA:346,0
DA:347,0
DA:348,0
DA:354,1
DA:355,2
DA:360,0
DA:364,0
DA:368,0
DA:369,0
DA:372,0
DA:374,0
DA:382,0
DA:384,0
DA:387,0
DA:389,0
DA:390,0
DA:391,0
DA:393,0
DA:397,0
DA:400,0
DA:401,0
DA:402,0
DA:412,0
DA:416,0
DA:420,0
DA:422,0
DA:423,0
DA:424,0
DA:426,0
DA:431,0
DA:433,0
DA:434,0
DA:435,0
DA:436,0
DA:437,0
DA:439,0
DA:440,0
DA:441,0
DA:445,0
DA:449,0
DA:453,0
DA:455,0
DA:456,0
DA:460,0
DA:461,0
DA:462,0
DA:463,0
DA:467,0
DA:471,0
DA:474,0
DA:475,0
DA:476,0
DA:477,0
DA:478,0
DA:482,0
DA:483,0
DA:484,0
DA:485,0
DA:489,0
DA:493,0
DA:496,0
DA:497,0
DA:499,0
DA:503,0
DA:505,0
DA:506,0
DA:507,0
DA:508,0
DA:509,0
DA:516,0
DA:518,0
DA:520,0
DA:523,0
DA:525,0
DA:526,0
DA:528,0
DA:529,0
DA:531,0
DA:535,0
DA:536,0
DA:537,0
DA:538,0
DA:540,0
LF:224
LH:40
end_of_record
SF:lib/services/bulk_photo_picker_service.dart
DA:11,0
DA:17,0
DA:18,0
DA:21,0
DA:22,0
DA:28,0
DA:31,0
DA:35,0
DA:39,0
DA:40,0
DA:45,0
DA:48,0
DA:54,0
DA:56,0
DA:58,0
DA:59,0
DA:61,0
DA:68,0
DA:70,0
DA:76,0
DA:80,0
DA:83,0
DA:87,0
DA:94,0
DA:100,0
DA:102,0
DA:105,0
DA:106,0
DA:107,0
DA:108,0
DA:109,0
DA:112,0
DA:113,0
DA:114,0
DA:116,0
DA:117,0
DA:118,0
DA:120,0
DA:127,0
DA:128,0
DA:130,0
DA:131,0
DA:133,0
DA:139,0
DA:141,0
DA:160,0
DA:164,0
DA:166,0
DA:167,0
DA:174,0
DA:178,0
DA:182,0
DA:186,0
DA:190,0
DA:200,0
DA:201,0
DA:207,0
LF:57
LH:0
end_of_record
SF:lib/services/profile_image_cropper_service.dart
DA:15,0
DA:21,0
DA:23,0
DA:24,0
DA:28,0
DA:35,0
DA:40,0
DA:55,0
DA:57,0
DA:63,0
DA:65,0
DA:67,0
DA:69,0
DA:71,0
DA:79,0
DA:82,0
DA:83,0
DA:87,0
DA:88,0
DA:90,0
DA:91,0
DA:95,0
DA:96,0
DA:97,0
DA:98,0
DA:99,0
DA:102,0
DA:107,0
DA:108,0
DA:114,0
DA:117,0
DA:126,0
DA:128,0
DA:131,0
DA:133,0
DA:135,0
DA:136,0
DA:140,0
DA:141,0
DA:142,0
DA:143,0
DA:146,0
DA:147,0
DA:153,0
DA:161,0
DA:164,0
DA:172,0
DA:179,0
DA:183,0
DA:184,0
DA:185,0
DA:186,0
DA:194,0
DA:195,0
DA:196,0
DA:206,0
DA:211,0
DA:212,0
DA:217,0
DA:218,0
DA:226,0
DA:233,0
DA:235,0
DA:236,0
DA:239,0
DA:242,0
DA:243,0
DA:244,0
DA:247,0
DA:250,0
DA:256,0
DA:257,0
DA:258,0
DA:259,0
DA:261,0
DA:273,0
DA:274,0
DA:275,0
DA:276,0
DA:277,0
DA:278,0
DA:279,0
DA:289,0
DA:293,0
DA:296,0
DA:297,0
DA:298,0
DA:304,0
DA:306,0
DA:311,0
DA:312,0
DA:314,0
DA:315,0
DA:316,0
DA:317,0
DA:318,0
DA:330,0
DA:335,0
DA:336,0
DA:338,0
DA:340,0
DA:341,0
DA:342,0
DA:343,0
DA:346,0
DA:347,0
DA:348,0
DA:349,0
DA:360,0
DA:366,0
DA:372,0
DA:374,0
DA:376,0
DA:377,0
DA:386,0
DA:390,0
DA:393,0
DA:397,0
DA:407,0
DA:414,0
DA:420,0
DA:422,0
DA:423,0
DA:424,0
DA:426,0
DA:427,0
DA:428,0
DA:430,0
DA:437,0
DA:438,0
DA:440,0
DA:441,0
DA:449,0
LF:133
LH:0
end_of_record
SF:lib/features/onboarding/data/repositories/onboarding_repository.dart
DA:14,0
DA:18,0
DA:20,0
DA:22,0
DA:23,0
DA:24,0
DA:25,0
DA:27,0
DA:31,0
DA:34,0
DA:36,0
DA:39,0
DA:42,0
DA:46,0
DA:48,0
DA:49,0
DA:53,0
DA:55,0
DA:57,0
DA:58,0
DA:60,0
DA:61,0
DA:65,0
DA:67,0
DA:68,0
DA:73,0
DA:74,0
DA:75,0
DA:77,0
DA:79,0
DA:80,0
DA:81,0
DA:85,0
DA:86,0
DA:88,0
DA:90,0
DA:93,0
DA:94,0
DA:96,0
DA:100,0
DA:101,0
DA:102,0
DA:103,0
DA:107,0
DA:108,0
DA:110,0
DA:115,0
DA:116,0
DA:117,0
DA:118,0
DA:119,0
DA:120,0
DA:123,0
DA:124,0
DA:125,0
DA:126,0
DA:127,0
DA:128,0
DA:129,0
DA:130,0
DA:131,0
DA:132,0
DA:133,0
DA:134,0
DA:135,0
DA:136,0
DA:137,0
DA:138,0
DA:139,0
DA:140,0
DA:141,0
DA:142,0
DA:143,0
DA:144,0
DA:145,0
DA:146,0
DA:147,0
DA:148,0
DA:149,0
DA:150,0
DA:151,0
DA:152,0
DA:153,0
DA:157,0
DA:158,0
DA:159,0
DA:160,0
DA:161,0
DA:162,0
DA:163,0
DA:164,0
DA:165,0
DA:167,0
DA:168,0
DA:169,0
DA:170,0
DA:172,0
DA:173,0
DA:174,0
DA:175,0
DA:177,0
DA:178,0
DA:179,0
DA:180,0
DA:181,0
DA:182,0
DA:183,0
DA:185,0
DA:186,0
DA:187,0
LF:110
LH:0
end_of_record
SF:lib/features/onboarding/bloc/onboarding_data.dart
DA:7,3
DA:40,3
DA:76,0
DA:77,0
DA:78,0
DA:79,0
DA:80,0
DA:81,0
DA:82,0
DA:87,0
DA:88,0
DA:89,0
DA:91,0
DA:92,0
DA:93,0
DA:94,0
DA:97,0
DA:98,0
DA:99,0
DA:102,0
DA:103,0
DA:104,0
DA:105,0
DA:106,0
DA:108,0
DA:110,0
DA:112,0
DA:114,0
DA:116,0
DA:117,0
DA:118,0
DA:119,0
DA:121,0
DA:124,1
DA:158,1
DA:159,1
DA:160,1
DA:161,1
DA:162,1
DA:163,0
DA:164,2
DA:165,2
DA:166,1
DA:167,1
DA:168,1
DA:169,1
DA:170,1
DA:171,1
DA:172,1
DA:173,1
DA:174,1
DA:175,2
DA:176,2
DA:177,2
DA:178,2
DA:179,2
DA:180,1
DA:181,2
DA:182,1
DA:183,1
DA:184,1
DA:185,1
DA:186,1
DA:187,1
DA:188,1
DA:189,1
DA:190,1
DA:193,1
DA:194,1
DA:195,1
DA:196,1
DA:197,1
DA:198,1
DA:199,1
DA:200,1
DA:201,1
DA:202,1
DA:203,1
DA:204,1
DA:205,1
DA:206,1
DA:207,1
DA:208,1
DA:209,1
DA:210,1
DA:211,1
DA:212,1
DA:213,1
DA:214,1
DA:215,1
DA:216,1
DA:217,1
DA:218,1
DA:219,1
DA:220,1
DA:221,1
DA:222,1
DA:223,1
DA:224,1
DA:225,1
DA:226,1
LF:101
LH:69
end_of_record
SF:lib/features/onboarding/screens/enhanced_additional_info_screen.dart
DA:9,0
DA:11,1
DA:13,1
DA:441,1
DA:443,1
DA:444,4
DA:446,2
DA:447,3
DA:448,2
DA:450,1
DA:458,1
DA:459,1
DA:462,0
DA:465,0
DA:468,0
DA:474,1
DA:475,2
DA:476,2
DA:477,2
DA:480,2
DA:481,0
DA:482,0
DA:483,0
DA:486,0
DA:489,0
DA:490,0
DA:491,0
DA:495,2
DA:496,2
DA:499,1
DA:501,3
DA:502,3
DA:505,4
DA:506,1
DA:507,1
DA:510,2
DA:513,2
DA:514,0
DA:515,0
DA:519,1
DA:520,2
DA:521,0
DA:527,1
DA:531,2
DA:532,1
DA:533,1
DA:534,2
DA:535,0
DA:538,1
DA:543,1
DA:544,2
DA:545,0
DA:547,1
DA:548,2
DA:549,2
DA:551,1
DA:552,2
DA:553,2
DA:555,1
DA:556,1
DA:558,1
DA:565,1
DA:566,1
DA:568,1
DA:575,1
DA:577,2
DA:578,1
DA:581,1
DA:583,3
DA:584,1
DA:585,1
DA:586,1
DA:588,1
DA:589,1
DA:590,1
DA:592,1
DA:594,1
DA:596,1
DA:600,1
DA:601,1
DA:602,1
DA:603,1
DA:604,1
DA:605,1
DA:606,1
DA:610,1
DA:611,1
DA:612,1
DA:617,1
DA:618,1
DA:619,1
DA:621,1
DA:622,1
DA:624,1
DA:631,1
DA:633,1
DA:646,1
DA:648,1
DA:654,1
DA:657,1
DA:658,1
DA:659,1
DA:660,1
DA:661,1
DA:662,0
DA:663,0
DA:664,0
DA:665,0
DA:667,0
DA:668,0
DA:673,1
DA:676,1
DA:680,1
DA:681,1
DA:684,2
DA:685,1
DA:688,1
DA:692,1
DA:693,1
DA:694,1
DA:695,1
DA:697,0
DA:698,0
DA:699,0
DA:701,0
DA:702,0
DA:709,1
DA:710,0
DA:713,0
DA:717,0
DA:718,0
DA:719,0
DA:720,0
DA:722,0
DA:723,0
DA:724,0
DA:732,1
DA:733,0
DA:736,0
DA:740,0
DA:741,0
DA:742,0
DA:743,0
DA:745,0
DA:746,0
DA:747,0
DA:754,1
DA:757,2
DA:758,1
DA:759,1
DA:760,1
DA:761,1
DA:763,0
DA:764,0
DA:765,0
DA:767,0
DA:768,0
DA:773,1
DA:776,2
DA:777,1
DA:781,1
DA:782,1
DA:783,1
DA:784,1
DA:786,0
DA:787,0
DA:788,0
DA:790,0
DA:791,0
DA:795,1
DA:799,1
DA:803,1
DA:804,1
DA:805,1
DA:811,1
DA:812,1
DA:813,1
DA:814,1
DA:816,0
DA:817,0
DA:818,0
DA:820,0
DA:821,0
DA:822,0
DA:825,0
DA:826,0
DA:827,0
DA:828,0
DA:835,2
DA:836,0
DA:837,0
DA:839,0
DA:841,0
DA:842,0
DA:843,0
DA:844,0
DA:845,0
DA:851,0
DA:852,0
DA:853,0
DA:855,0
DA:857,0
DA:860,0
DA:864,0
DA:866,0
DA:873,0
DA:878,0
DA:879,0
DA:880,0
DA:882,0
DA:883,0
DA:884,0
DA:892,1
DA:895,2
DA:896,1
DA:900,1
DA:903,1
DA:905,1
DA:912,1
DA:913,1
DA:914,1
DA:916,0
DA:917,0
DA:918,0
DA:920,0
DA:921,0
DA:929,1
DA:931,1
DA:938,1
DA:939,1
DA:940,1
DA:942,0
DA:943,0
DA:944,0
DA:946,0
DA:947,0
DA:952,1
DA:956,1
DA:959,1
DA:960,1
DA:961,1
DA:962,2
DA:964,1
DA:965,1
DA:972,1
DA:973,1
DA:974,1
DA:988,2
DA:990,1
DA:991,1
DA:993,1
DA:999,1
DA:1000,1
DA:1002,1
DA:1010,1
DA:1012,1
DA:1013,1
DA:1014,1
DA:1015,1
DA:1016,1
DA:1019,1
DA:1020,1
DA:1021,1
DA:1024,1
DA:1025,1
DA:1026,1
DA:1032,1
DA:1033,1
DA:1035,1
DA:1036,1
DA:1037,1
DA:1038,1
DA:1044,1
DA:1046,1
DA:1060,1
DA:1061,1
DA:1063,1
DA:1064,1
DA:1065,1
DA:1066,2
DA:1068,1
DA:1070,1
DA:1071,2
DA:1073,1
DA:1074,1
DA:1076,1
DA:1077,1
DA:1079,1
DA:1082,1
DA:1086,1
DA:1088,1
DA:1090,1
DA:1100,1
DA:1106,4
DA:1107,1
DA:1111,5
DA:1115,1
DA:1121,1
DA:1123,1
DA:1124,1
DA:1125,1
DA:1126,1
DA:1127,1
DA:1133,1
DA:1134,1
DA:1137,1
DA:1139,1
DA:1141,1
DA:1143,1
DA:1147,1
DA:1149,1
DA:1156,1
DA:1157,5
DA:1159,1
DA:1160,2
DA:1161,1
DA:1162,1
DA:1163,1
DA:1167,1
DA:1168,1
DA:1169,2
DA:1170,1
DA:1171,1
DA:1172,1
DA:1173,1
DA:1174,1
DA:1175,1
DA:1177,1
DA:1178,1
DA:1179,1
DA:1185,1
DA:1186,1
DA:1187,1
DA:1188,1
DA:1202,1
DA:1203,0
DA:1205,0
DA:1213,1
DA:1214,4
DA:1215,1
DA:1217,1
DA:1219,1
DA:1220,1
DA:1222,1
DA:1228,1
DA:1229,1
DA:1231,1
DA:1240,1
DA:1241,4
DA:1242,1
DA:1244,1
DA:1250,1
DA:1252,1
DA:1253,1
DA:1254,1
DA:1255,1
DA:1256,1
DA:1262,1
DA:1263,1
DA:1264,1
DA:1266,1
DA:1268,1
DA:1275,1
DA:1276,5
DA:1277,1
DA:1278,1
DA:1279,2
DA:1280,1
DA:1281,1
DA:1282,1
DA:1286,1
DA:1287,1
DA:1288,1
DA:1289,1
DA:1290,1
DA:1291,1
DA:1292,1
DA:1293,1
DA:1295,1
DA:1296,1
DA:1297,1
DA:1302,1
DA:1303,1
DA:1304,1
DA:1305,1
DA:1319,1
DA:1320,0
DA:1322,0
DA:1323,0
DA:1327,0
DA:1330,0
DA:1333,0
DA:1336,0
DA:1342,0
DA:1343,0
LF:395
LH:286
end_of_record
SF:lib/features/onboarding/widgets/afropeep_height_dropdown.dart
DA:7,1
DA:17,1
DA:18,1
DA:55,1
DA:57,1
DA:60,4
DA:61,3
DA:62,3
DA:65,0
DA:66,0
DA:68,0
DA:69,0
DA:72,0
DA:76,1
DA:78,3
DA:79,1
DA:81,1
DA:83,1
DA:85,1
DA:87,1
DA:89,1
DA:91,1
DA:92,1
DA:96,1
DA:98,1
DA:107,1
DA:109,1
DA:113,1
DA:115,1
DA:116,1
DA:120,1
DA:121,1
DA:122,1
DA:128,1
DA:129,1
DA:130,1
DA:132,1
DA:137,1
DA:143,1
DA:144,4
DA:146,1
DA:147,2
DA:148,1
DA:149,1
DA:151,1
DA:155,1
DA:156,1
DA:157,1
DA:166,1
DA:167,0
DA:169,0
DA:170,0
DA:173,0
DA:174,0
DA:175,0
DA:178,0
DA:186,1
DA:187,1
DA:191,1
DA:193,1
DA:212,0
DA:214,0
DA:215,0
DA:217,0
DA:224,1
DA:226,1
DA:227,3
DA:229,1
DA:236,0
DA:238,0
DA:239,0
DA:241,0
DA:248,0
LF:73
LH:52
end_of_record
SF:lib/common/bloc/theme/theme_state.dart
DA:5,1
DA:7,0
DA:8,0
DA:13,1
DA:18,0
DA:21,0
DA:22,0
DA:25,0
DA:26,0
DA:28,0
DA:29,0
DA:31,0
DA:38,0
DA:41,0
DA:42,0
LF:15
LH:2
end_of_record
SF:lib/common/bloc/theme/theme_event.dart
DA:5,1
DA:7,0
DA:8,0
DA:13,1
DA:18,0
DA:21,0
DA:22,0
LF:7
LH:2
end_of_record
SF:lib/common/bloc/theme/theme_bloc.dart
DA:13,0
DA:14,0
DA:15,0
DA:18,0
DA:23,0
DA:28,0
DA:29,0
DA:31,0
DA:35,0
DA:39,0
DA:40,0
DA:41,0
DA:45,0
DA:46,0
DA:47,0
DA:53,0
DA:54,0
DA:55,0
LF:18
LH:0
end_of_record
SF:lib/common/data/theme_prefrences.dart
DA:10,0
DA:12,0
DA:13,0
DA:16,0
DA:18,0
DA:19,0
DA:20,0
DA:23,0
DA:25,0
DA:27,0
LF:10
LH:0
end_of_record
SF:lib/common/data/repo/pagination_repo.dart
DA:7,0
DA:9,0
DA:13,0
DA:14,0
DA:15,0
DA:16,0
DA:19,0
DA:24,0
DA:25,0
DA:26,0
DA:28,0
DA:33,0
DA:34,0
DA:35,0
DA:37,0
DA:43,0
DA:44,0
DA:45,0
DA:46,0
DA:51,0
DA:57,0
DA:58,0
DA:59,0
DA:60,0
DA:65,0
DA:70,0
DA:71,0
DA:72,0
DA:73,0
DA:77,0
DA:78,0
DA:79,0
DA:80,0
LF:33
LH:0
end_of_record
SF:lib/common/data/repo/report_user.dart
DA:15,0
DA:22,0
DA:27,0
LF:3
LH:0
end_of_record
SF:lib/common/data/repo/user_messaging_repo.dart
DA:14,1
DA:15,0
DA:17,0
DA:19,0
DA:20,0
DA:21,0
DA:22,0
DA:23,0
DA:24,0
DA:25,0
DA:26,0
DA:27,0
DA:29,0
DA:30,0
DA:31,0
DA:32,0
DA:33,0
DA:34,0
DA:35,0
DA:36,0
DA:37,0
DA:38,0
DA:39,0
DA:40,0
DA:41,0
DA:43,0
DA:52,0
DA:56,0
DA:57,0
DA:58,0
DA:59,0
DA:60,0
DA:61,0
DA:62,0
DA:63,0
DA:65,0
DA:67,0
DA:68,0
DA:70,0
DA:71,0
DA:72,0
DA:74,0
DA:75,0
DA:76,0
DA:77,0
DA:78,0
DA:79,0
DA:82,0
DA:90,0
DA:95,0
DA:96,0
DA:97,0
DA:98,0
DA:99,0
DA:100,0
DA:101,0
DA:104,0
DA:107,0
DA:109,0
DA:111,0
DA:112,0
DA:114,0
DA:115,0
DA:116,0
DA:118,0
DA:119,0
DA:120,0
DA:121,0
DA:122,0
DA:123,0
DA:126,0
DA:134,0
DA:135,0
DA:136,0
DA:137,0
DA:138,0
DA:142,0
DA:143,0
DA:144,0
DA:148,1
DA:151,4
DA:153,1
DA:154,1
DA:163,0
DA:170,0
DA:177,0
DA:178,0
DA:181,0
DA:182,0
DA:188,0
DA:189,0
DA:192,0
DA:195,0
DA:196,0
DA:197,0
DA:203,0
DA:207,0
DA:215,0
DA:222,0
DA:223,0
DA:226,0
DA:227,0
DA:233,0
DA:234,0
DA:237,0
DA:240,0
DA:241,0
DA:242,0
DA:248,0
LF:109
LH:5
end_of_record
SF:lib/features/match/ui/widget/matches_card.dart
DA:16,0
DA:19,0
DA:20,0
DA:24,0
DA:26,0
DA:27,0
DA:28,0
DA:29,0
DA:32,0
DA:34,0
DA:35,0
DA:36,0
DA:38,0
DA:39,0
DA:40,0
DA:42,0
DA:44,0
DA:45,0
DA:46,0
DA:54,0
DA:60,0
DA:61,0
DA:62,0
DA:69,0
DA:70,0
DA:71,0
DA:72,0
DA:75,0
DA:76,0
DA:77,0
DA:78,0
DA:79,0
DA:81,0
DA:91,0
DA:92,0
DA:93,0
DA:94,0
DA:95,0
DA:96,0
DA:99,0
DA:100,0
DA:101,0
DA:102,0
DA:104,0
DA:105,0
DA:106,0
DA:107,0
DA:108,0
DA:110,0
DA:111,0
DA:115,0
DA:117,0
DA:118,0
DA:119,0
DA:121,0
DA:122,0
DA:123,0
DA:124,0
DA:125,0
DA:130,0
DA:131,0
DA:132,0
DA:134,0
DA:141,0
DA:142,0
DA:143,0
DA:144,0
DA:159,0
DA:160,0
DA:161,0
DA:170,0
DA:172,0
DA:173,0
DA:174,0
DA:190,0
DA:191,0
DA:192,0
DA:194,0
LF:78
LH:0
end_of_record
SF:lib/models/block_user_model.dart
DA:2,0
LF:1
LH:0
end_of_record
SF:lib/common/data/repo/user_repo.dart
DA:10,0
DA:12,0
DA:15,0
DA:16,0
DA:17,0
DA:18,0
DA:19,0
DA:21,0
DA:26,0
DA:27,0
DA:29,0
DA:30,0
DA:31,0
DA:32,0
DA:33,0
DA:35,0
DA:41,0
DA:42,0
DA:43,0
DA:45,0
DA:46,0
DA:47,0
DA:48,0
DA:50,0
DA:51,0
DA:52,0
DA:53,0
DA:55,0
DA:56,0
DA:57,0
DA:58,0
DA:60,0
DA:61,0
DA:62,0
DA:63,0
DA:65,0
DA:66,0
DA:67,0
DA:68,0
DA:70,0
DA:71,0
DA:72,0
DA:73,0
DA:74,0
DA:77,1
DA:78,1
DA:79,2
DA:80,1
DA:82,1
DA:88,0
DA:89,0
DA:93,0
DA:94,0
DA:95,0
DA:100,0
DA:102,0
DA:107,0
DA:109,0
DA:111,0
DA:112,0
DA:113,0
DA:114,0
DA:116,0
DA:118,0
DA:119,0
DA:121,0
DA:122,0
DA:123,0
DA:126,0
DA:128,0
DA:133,0
DA:136,0
DA:138,0
LF:73
LH:5
end_of_record
SF:lib/common/utils/custom_toast.dart
DA:9,0
DA:12,0
DA:13,0
DA:14,0
LF:4
LH:0
end_of_record
SF:lib/common/widgets/custom_snackbar.dart
DA:27,0
DA:28,0
DA:29,0
DA:30,0
DA:31,0
DA:35,0
DA:37,0
DA:39,0
DA:41,0
DA:43,0
LF:10
LH:0
end_of_record
SF:lib/common/widgets/hookup_circularbar.dart
DA:6,1
DA:8,0
LF:2
LH:1
end_of_record
SF:lib/common/widgets/image_widget.dart
DA:10,0
DA:24,0
DA:26,0
DA:27,0
DA:28,0
DA:31,0
DA:33,0
DA:38,0
DA:44,0
DA:46,0
DA:52,0
DA:53,0
DA:54,0
DA:61,0
DA:62,0
LF:15
LH:0
end_of_record
SF:lib/features/chat/ui/screens/chat_page.dart
DA:24,0
DA:33,0
DA:34,0
DA:47,0
DA:49,0
DA:51,0
DA:52,0
DA:53,0
DA:56,0
DA:58,0
DA:59,0
DA:60,0
DA:63,0
DA:67,0
DA:69,0
DA:70,0
DA:74,0
DA:77,0
DA:78,0
DA:83,0
DA:84,0
DA:85,0
DA:88,0
DA:89,0
DA:90,0
DA:92,0
DA:95,0
DA:101,0
DA:103,0
DA:104,0
DA:105,0
DA:106,0
DA:107,0
DA:108,0
DA:111,0
DA:112,0
DA:115,0
DA:117,0
DA:118,0
DA:119,0
DA:120,0
DA:122,0
DA:123,0
DA:124,0
DA:126,0
DA:127,0
DA:128,0
DA:131,0
DA:132,0
DA:134,0
DA:137,0
DA:138,0
DA:139,0
DA:149,0
DA:150,0
DA:157,0
DA:160,0
DA:161,0
DA:162,0
DA:163,0
DA:164,0
DA:166,0
DA:167,0
DA:168,0
DA:169,0
DA:170,0
DA:171,0
DA:172,0
DA:174,0
DA:175,0
DA:176,0
DA:177,0
DA:178,0
DA:180,0
DA:181,0
DA:185,0
DA:186,0
DA:187,0
DA:188,0
DA:189,0
DA:190,0
DA:195,0
DA:196,0
DA:197,0
DA:198,0
DA:199,0
DA:200,0
DA:201,0
DA:202,0
DA:203,0
DA:205,0
DA:208,0
DA:209,0
DA:210,0
DA:211,0
DA:212,0
DA:213,0
DA:215,0
DA:217,0
DA:219,0
DA:220,0
DA:222,0
DA:223,0
DA:224,0
DA:225,0
DA:226,0
DA:228,0
DA:231,0
DA:232,0
DA:233,0
DA:234,0
DA:235,0
DA:236,0
DA:238,0
DA:239,0
DA:240,0
DA:241,0
DA:244,0
DA:246,0
DA:247,0
DA:250,0
DA:251,0
DA:256,0
DA:257,0
DA:268,0
DA:269,0
DA:270,0
DA:279,0
DA:280,0
DA:281,0
DA:282,0
DA:288,0
DA:290,0
DA:291,0
DA:293,0
DA:294,0
DA:295,0
DA:296,0
DA:297,0
DA:303,0
DA:304,0
DA:305,0
DA:306,0
DA:308,0
DA:311,0
DA:312,0
DA:313,0
DA:314,0
DA:315,0
DA:320,0
DA:321,0
DA:322,0
DA:323,0
DA:324,0
DA:325,0
DA:327,0
DA:328,0
DA:329,0
DA:330,0
DA:333,0
DA:334,0
DA:335,0
DA:338,0
DA:339,0
DA:340,0
DA:341,0
DA:343,0
DA:346,0
DA:352,0
DA:353,0
DA:361,0
DA:362,0
DA:363,0
DA:365,0
DA:366,0
DA:367,0
DA:376,0
DA:377,0
DA:387,0
DA:388,0
DA:389,0
DA:390,0
LF:182
LH:0
end_of_record
SF:lib/features/home/bloc/searchuser_event.dart
DA:4,0
DA:6,0
DA:7,0
DA:11,0
DA:14,0
DA:15,0
DA:19,0
DA:26,0
DA:27,0
DA:31,0
DA:34,0
DA:35,0
LF:12
LH:0
end_of_record
SF:lib/features/home/bloc/searchuser_state.dart
DA:4,0
DA:6,0
DA:7,0
DA:15,0
DA:18,0
DA:19,0
DA:25,0
DA:28,0
DA:29,0
LF:9
LH:0
end_of_record
SF:lib/features/home/bloc/searchuser_bloc.dart
DA:13,0
DA:14,0
DA:15,0
DA:17,0
DA:22,0
DA:23,0
DA:24,0
DA:29,0
DA:30,0
DA:32,0
DA:34,0
DA:35,0
DA:40,0
DA:41,0
DA:43,0
DA:45,0
DA:46,0
DA:47,0
DA:50,0
DA:52,0
DA:53,0
DA:58,0
DA:61,0
DA:62,0
DA:64,0
DA:65,0
LF:26
LH:0
end_of_record
SF:lib/features/match/bloc/match_user_state.dart
DA:4,1
DA:6,1
DA:7,1
DA:15,1
DA:18,1
DA:19,2
LF:6
LH:6
end_of_record
SF:lib/features/match/bloc/match_user_bloc.dart
DA:11,1
DA:13,2
DA:14,2
DA:18,1
DA:23,2
DA:25,3
DA:27,2
DA:29,3
DA:30,2
LF:9
LH:9
end_of_record
SF:lib/features/match/bloc/match_user_event.dart
DA:4,1
DA:6,0
DA:7,0
DA:11,1
DA:14,0
DA:15,0
LF:6
LH:2
end_of_record
SF:lib/features/report/report_user.dart
DA:15,0
DA:22,0
DA:23,0
DA:33,0
DA:37,0
DA:38,0
DA:39,0
DA:46,0
DA:47,0
DA:48,0
DA:55,0
DA:57,0
DA:58,0
DA:59,0
DA:60,0
DA:61,0
DA:62,0
DA:64,0
DA:67,0
DA:69,0
DA:70,0
DA:72,0
DA:77,0
DA:79,0
DA:80,0
DA:82,0
DA:86,0
DA:87,0
DA:88,0
DA:89,0
DA:90,0
DA:92,0
DA:93,0
DA:95,0
DA:97,0
DA:101,0
DA:102,0
DA:103,0
DA:104,0
DA:106,0
DA:107,0
DA:109,0
DA:111,0
DA:115,0
DA:116,0
DA:117,0
DA:118,0
DA:120,0
DA:121,0
DA:123,0
DA:127,0
DA:128,0
DA:129,0
DA:130,0
DA:132,0
DA:133,0
DA:135,0
DA:137,0
DA:141,0
DA:142,0
DA:143,0
DA:144,0
DA:146,0
DA:147,0
DA:149,0
DA:151,0
DA:155,0
DA:156,0
DA:157,0
DA:158,0
DA:160,0
DA:162,0
DA:164,0
DA:165,0
DA:171,0
DA:172,0
DA:173,0
DA:178,0
DA:180,0
DA:181,0
DA:183,0
DA:189,0
DA:190,0
DA:191,0
DA:196,0
DA:197,0
DA:198,0
DA:199,0
DA:205,0
DA:207,0
DA:208,0
DA:210,0
DA:211,0
DA:215,0
DA:217,0
DA:218,0
DA:219,0
DA:223,0
DA:227,0
DA:228,0
DA:229,0
DA:230,0
DA:232,0
DA:233,0
DA:234,0
DA:235,0
DA:236,0
DA:237,0
DA:238,0
DA:242,0
DA:245,0
DA:246,0
DA:247,0
DA:248,0
DA:249,0
DA:250,0
DA:253,0
DA:254,0
DA:257,0
DA:259,0
DA:261,0
DA:262,0
DA:263,0
DA:266,0
DA:269,0
DA:270,0
DA:272,0
DA:287,0
DA:288,0
DA:289,0
DA:294,0
DA:295,0
DA:296,0
DA:298,0
DA:299,0
DA:300,0
DA:313,0
DA:314,0
DA:315,0
DA:316,0
LF:140
LH:0
end_of_record
SF:lib/features/chat/ui/widgets/chatmessage_read.dart.dart
DA:17,0
DA:23,0
DA:24,0
DA:25,0
DA:27,0
DA:28,0
DA:29,0
DA:31,0
DA:34,0
DA:37,0
DA:40,0
DA:50,0
DA:51,0
DA:53,0
DA:54,0
DA:55,0
DA:56,0
DA:57,0
DA:59,0
DA:60,0
DA:70,0
DA:71,0
DA:72,0
DA:74,0
DA:77,0
DA:79,0
DA:80,0
DA:81,0
DA:82,0
DA:83,0
DA:85,0
DA:86,0
DA:88,0
DA:99,0
DA:100,0
DA:101,0
DA:104,0
DA:109,0
DA:110,0
DA:111,0
DA:112,0
DA:113,0
DA:114,0
DA:118,0
DA:120,0
DA:125,0
DA:131,0
DA:133,0
DA:134,0
DA:136,0
DA:138,0
DA:139,0
DA:140,0
DA:141,0
DA:148,0
DA:150,0
DA:151,0
DA:152,0
DA:153,0
DA:154,0
DA:155,0
DA:157,0
DA:158,0
DA:160,0
LF:64
LH:0
end_of_record
SF:lib/features/user/ui/widgets/user_info.dart
DA:28,0
DA:43,0
DA:44,0
DA:48,0
DA:51,0
DA:54,0
DA:56,0
DA:57,0
DA:58,0
DA:60,0
DA:61,0
DA:66,0
DA:68,0
DA:69,0
DA:70,0
DA:71,0
DA:72,0
DA:73,0
DA:75,0
DA:76,0
DA:77,0
DA:78,0
DA:79,0
DA:81,0
DA:82,0
DA:83,0
DA:84,0
DA:86,0
DA:87,0
DA:91,0
DA:92,0
DA:111,0
DA:113,0
DA:114,0
DA:115,0
DA:116,0
DA:117,0
DA:118,0
DA:119,0
DA:120,0
DA:121,0
DA:122,0
DA:123,0
DA:134,0
DA:136,0
DA:137,0
DA:141,0
DA:144,0
DA:145,0
DA:146,0
DA:154,0
DA:155,0
DA:157,0
DA:162,0
DA:163,0
DA:164,0
DA:168,0
DA:169,0
DA:170,0
DA:174,0
DA:175,0
DA:184,0
DA:185,0
DA:186,0
DA:190,0
DA:191,0
DA:192,0
DA:193,0
DA:202,0
DA:203,0
DA:204,0
DA:215,0
DA:216,0
DA:217,0
DA:218,0
DA:219,0
DA:224,0
DA:226,0
DA:232,0
DA:233,0
DA:234,0
DA:235,0
DA:236,0
DA:237,0
DA:239,0
DA:241,0
DA:242,0
DA:243,0
DA:245,0
DA:254,0
DA:255,0
DA:263,0
DA:264,0
DA:266,0
DA:267,0
DA:276,0
DA:277,0
DA:280,0
DA:281,0
DA:283,0
DA:285,0
DA:286,0
DA:288,0
DA:289,0
DA:290,0
DA:293,0
DA:294,0
DA:295,0
DA:296,0
DA:297,0
DA:298,0
DA:299,0
DA:301,0
DA:313,0
DA:314,0
DA:318,0
DA:319,0
DA:320,0
DA:321,0
DA:322,0
DA:324,0
DA:326,0
DA:327,0
DA:333,0
DA:334,0
DA:335,0
DA:336,0
DA:337,0
DA:338,0
DA:342,0
DA:343,0
DA:344,0
DA:345,0
DA:356,0
DA:357,0
DA:358,0
DA:359,0
DA:361,0
DA:362,0
DA:363,0
DA:364,0
DA:365,0
DA:366,0
DA:367,0
LF:144
LH:0
end_of_record
SF:lib/features/chat/ui/widgets/generate_layout.dart
DA:15,0
DA:18,0
DA:20,0
DA:21,0
DA:23,0
DA:24,0
DA:25,0
DA:26,0
DA:27,0
DA:29,0
DA:30,0
DA:39,0
DA:41,0
DA:42,0
DA:43,0
DA:45,0
DA:46,0
DA:47,0
DA:49,0
DA:51,0
DA:66,0
DA:68,0
DA:69,0
DA:70,0
DA:71,0
DA:72,0
DA:73,0
DA:75,0
DA:86,0
DA:87,0
DA:88,0
DA:91,0
DA:96,0
DA:97,0
DA:98,0
DA:99,0
DA:100,0
DA:103,0
DA:105,0
DA:110,0
DA:117,0
DA:120,0
DA:121,0
DA:122,0
DA:124,0
DA:126,0
DA:128,0
DA:129,0
DA:130,0
DA:131,0
DA:137,0
DA:139,0
DA:140,0
DA:141,0
DA:142,0
DA:143,0
DA:144,0
DA:145,0
DA:147,0
DA:158,0
DA:159,0
DA:165,0
LF:62
LH:0
end_of_record
SF:lib/features/report/bloc/report_bloc.dart
DA:10,0
DA:11,0
DA:12,0
DA:14,0
DA:15,0
DA:16,0
DA:17,0
DA:18,0
DA:20,0
DA:22,0
DA:23,0
LF:11
LH:0
end_of_record
SF:lib/features/report/bloc/report_events.dart
DA:4,0
DA:6,0
DA:7,0
DA:11,0
DA:22,0
DA:24,0
LF:6
LH:0
end_of_record
SF:lib/features/report/bloc/report_states.dart
DA:4,1
DA:6,0
DA:7,0
DA:15,1
DA:18,0
DA:19,0
DA:23,0
DA:26,0
DA:27,0
LF:9
LH:2
end_of_record
SF:lib/features/user/ui/widgets/gender_sign.dart
DA:5,0
DA:8,0
DA:9,0
DA:10,0
DA:16,0
DA:17,0
DA:23,0
DA:29,0
DA:40,0
DA:42,0
LF:10
LH:0
end_of_record
SF:lib/features/user/ui/widgets/profile_action_widget.dart
DA:11,0
DA:23,0
DA:24,0
DA:26,0
DA:28,0
DA:31,0
DA:32,0
DA:33,0
DA:40,0
DA:41,0
DA:42,0
DA:43,0
DA:44,0
DA:45,0
DA:48,0
DA:49,0
DA:51,0
DA:55,0
DA:58,0
DA:59,0
DA:66,0
DA:67,0
DA:68,0
DA:69,0
DA:70,0
DA:71,0
DA:74,0
DA:75,0
DA:77,0
DA:81,0
DA:91,0
DA:96,0
DA:97,0
DA:99,0
DA:101,0
DA:102,0
DA:104,0
DA:105,0
LF:38
LH:0
end_of_record
SF:lib/features/user/ui/widgets/sexual_orientation_widget.dart
DA:6,0
DA:9,0
DA:12,0
DA:13,0
DA:14,0
DA:15,0
LF:6
LH:0
end_of_record
SF:lib/features/user/ui/widgets/unmatch_widget.dart
DA:13,0
DA:23,0
DA:24,0
DA:25,0
DA:27,0
DA:28,0
DA:29,0
DA:30,0
DA:31,0
DA:35,0
DA:37,0
DA:40,0
DA:41,0
DA:42,0
DA:43,0
DA:44,0
DA:48,0
DA:49,0
DA:50,0
DA:51,0
DA:52,0
DA:54,0
DA:55,0
DA:56,0
DA:57,0
DA:58,0
DA:60,0
DA:63,0
DA:64,0
DA:65,0
DA:67,0
DA:70,0
DA:71,0
DA:79,0
DA:80,0
DA:81,0
DA:82,0
DA:84,0
LF:38
LH:0
end_of_record
SF:lib/common/data/repo/phone_auth_repo.dart
DA:15,0
DA:23,0
DA:33,0
DA:37,0
DA:41,0
DA:49,0
DA:52,0
DA:53,0
DA:54,0
DA:56,0
DA:59,0
DA:63,0
DA:64,0
DA:68,0
DA:70,0
DA:71,0
DA:72,0
DA:73,0
DA:74,0
DA:75,0
DA:76,0
DA:77,0
DA:78,0
DA:79,0
DA:80,0
DA:81,0
DA:82,0
DA:84,0
DA:85,0
DA:86,0
DA:87,0
DA:88,0
DA:89,0
DA:90,0
DA:91,0
DA:92,0
DA:93,0
DA:94,0
DA:95,0
DA:96,0
DA:99,0
DA:100,0
DA:101,0
DA:102,0
DA:103,0
DA:104,0
DA:105,0
DA:106,0
DA:107,0
DA:108,0
DA:109,0
DA:110,0
DA:111,0
DA:114,0
DA:116,0
DA:120,0
DA:122,0
DA:124,0
DA:126,0
DA:130,0
DA:135,0
DA:136,0
DA:137,0
DA:138,0
DA:140,0
DA:147,0
DA:154,0
DA:156,0
DA:157,0
DA:159,0
DA:165,0
DA:166,0
DA:168,0
DA:171,0
DA:172,0
DA:173,0
DA:175,0
DA:176,0
DA:179,0
DA:180,0
DA:183,0
DA:184,0
DA:185,0
DA:186,0
DA:187,0
DA:188,0
DA:189,0
DA:190,0
DA:191,0
DA:198,0
DA:199,0
DA:200,0
DA:203,0
DA:204,0
DA:205,0
DA:206,0
DA:207,0
DA:208,0
DA:209,0
DA:210,0
DA:211,0
DA:212,0
DA:214,0
DA:215,0
DA:216,0
DA:217,0
DA:218,0
DA:219,0
DA:220,0
DA:221,0
DA:222,0
DA:223,0
DA:225,0
DA:230,0
DA:234,0
DA:236,0
DA:237,0
DA:238,0
DA:239,0
DA:244,0
DA:245,0
DA:246,0
DA:247,0
DA:248,0
DA:249,0
DA:252,0
DA:255,0
DA:260,0
DA:264,0
DA:267,0
DA:268,0
DA:269,0
DA:270,0
DA:272,0
DA:273,0
DA:277,0
DA:283,0
DA:284,0
DA:286,0
DA:290,0
DA:293,0
DA:294,0
DA:295,0
DA:296,0
DA:298,0
DA:299,0
DA:301,0
DA:304,0
DA:308,0
DA:312,0
DA:313,0
DA:314,0
DA:315,0
DA:317,0
DA:318,0
DA:319,0
DA:322,0
DA:323,0
DA:326,0
DA:331,0
DA:333,0
DA:337,0
DA:340,0
DA:344,0
DA:345,0
DA:348,0
DA:350,0
DA:351,0
DA:353,0
DA:360,0
DA:363,0
DA:368,0
DA:369,0
DA:370,0
DA:371,0
LF:175
LH:0
end_of_record
SF:lib/features/auth/auth_status/bloc/registration/bloc/registration_state.dart
DA:4,1
DA:5,1
DA:6,1
DA:14,1
DA:17,1
DA:18,2
DA:22,1
DA:25,1
DA:26,2
DA:30,1
DA:33,1
DA:34,2
DA:38,1
DA:45,1
DA:46,3
LF:15
LH:15
end_of_record
SF:lib/features/auth/auth_status/bloc/registration/bloc/registration_event.dart
DA:4,1
DA:5,0
DA:6,0
DA:10,1
DA:13,0
DA:14,0
DA:18,1
DA:21,0
DA:22,0
LF:9
LH:3
end_of_record
SF:lib/features/auth/auth_status/bloc/registration/bloc/registration_bloc.dart
DA:17,1
DA:18,2
DA:19,2
DA:20,2
DA:22,2
DA:26,3
DA:28,2
DA:30,0
DA:31,0
DA:34,2
DA:35,2
DA:37,2
DA:39,1
DA:41,2
DA:43,1
DA:44,2
DA:45,2
DA:46,1
DA:48,0
DA:53,3
DA:54,3
DA:55,2
DA:59,2
DA:60,3
DA:63,1
DA:64,3
DA:65,2
DA:69,0
DA:70,0
DA:71,0
DA:74,0
DA:75,0
DA:80,0
DA:81,0
DA:84,1
DA:85,1
DA:87,2
DA:88,1
DA:91,2
DA:92,2
DA:93,2
DA:94,2
DA:95,1
DA:103,1
DA:104,0
DA:109,0
DA:111,0
DA:112,0
DA:119,1
DA:120,0
DA:121,0
DA:128,2
DA:129,1
DA:137,3
DA:139,0
DA:147,0
DA:148,0
DA:154,0
DA:155,0
DA:156,0
DA:158,0
DA:159,0
LF:62
LH:38
end_of_record
SF:lib/services/secure_storage_service.dart
DA:20,4
DA:21,2
DA:22,4
DA:23,2
DA:37,2
DA:38,2
DA:46,2
DA:52,1
DA:53,1
DA:55,1
DA:62,1
DA:71,1
DA:73,1
DA:76,0
DA:87,2
DA:89,4
DA:91,2
DA:95,2
DA:105,1
DA:107,2
DA:109,2
DA:113,0
DA:123,1
DA:125,2
DA:127,2
DA:131,0
DA:139,1
DA:141,2
DA:143,3
DA:147,0
DA:148,0
DA:157,1
DA:159,2
DA:161,1
DA:165,0
DA:175,1
DA:177,2
DA:180,0
DA:188,2
DA:189,2
DA:192,2
DA:195,2
DA:198,1
DA:199,1
DA:202,2
DA:205,2
DA:208,4
DA:211,2
DA:214,2
DA:217,2
DA:220,2
DA:223,2
DA:226,1
DA:227,1
DA:230,1
DA:231,1
DA:234,1
DA:235,1
DA:239,1
DA:241,1
DA:242,1
DA:243,1
DA:244,1
DA:246,1
DA:250,0
LF:65
LH:57
end_of_record
SF:lib/common/utils/profile_completion_guard.dart
DA:4,2
DA:5,6
DA:7,2
DA:9,2
DA:14,1
DA:15,1
DA:16,1
DA:17,1
DA:19,1
DA:20,1
DA:21,1
DA:25,1
DA:26,1
DA:27,1
DA:31,2
DA:32,2
DA:33,2
DA:34,3
DA:36,2
DA:37,2
DA:43,2
DA:44,4
DA:45,4
DA:46,4
LF:24
LH:24
end_of_record
SF:lib/features/onboarding/screens/enhanced_photo_upload_screen.dart
DA:23,1
DA:36,1
DA:38,1
DA:40,1
DA:49,1
DA:51,1
DA:52,1
DA:54,2
DA:55,1
DA:59,1
DA:60,1
DA:62,1
DA:65,1
DA:67,0
DA:69,1
DA:71,1
DA:78,1
DA:80,1
DA:86,1
DA:87,1
DA:88,1
DA:90,1
DA:91,1
DA:93,1
DA:97,2
DA:98,2
DA:99,1
DA:101,1
DA:102,5
DA:104,1
DA:106,1
DA:110,1
DA:126,1
DA:132,1
DA:133,0
DA:134,1
DA:136,1
DA:137,1
DA:138,1
DA:139,1
DA:142,0
DA:143,2
DA:146,1
DA:147,1
DA:150,0
DA:158,1
DA:159,1
DA:162,1
DA:168,0
DA:171,0
DA:174,0
DA:176,0
DA:178,0
DA:180,0
DA:187,0
DA:189,0
DA:202,0
DA:205,0
DA:206,0
DA:207,0
DA:209,0
DA:210,0
DA:227,0
DA:228,0
DA:230,0
DA:231,0
DA:234,0
DA:235,0
DA:240,0
DA:241,0
DA:250,0
DA:256,0
DA:257,0
DA:259,0
DA:260,0
DA:264,0
DA:265,0
DA:266,0
DA:269,0
DA:271,0
DA:273,0
DA:277,0
DA:279,0
DA:281,0
DA:283,0
DA:287,0
DA:288,0
DA:289,0
DA:298,0
DA:299,0
DA:303,0
DA:304,0
DA:305,0
DA:311,0
DA:312,0
DA:314,0
DA:315,0
DA:319,0
DA:320,0
DA:321,0
DA:324,0
DA:325,0
DA:327,0
DA:329,0
DA:333,0
DA:334,0
DA:335,0
DA:338,0
DA:340,0
DA:342,0
DA:346,0
DA:347,0
DA:348,0
DA:349,0
DA:356,0
DA:357,0
DA:359,0
DA:360,0
DA:364,0
DA:365,0
DA:366,0
DA:369,0
DA:372,0
DA:374,0
DA:378,0
DA:379,0
DA:381,0
DA:386,0
DA:388,0
DA:392,0
DA:393,0
DA:400,0
DA:401,0
DA:402,0
DA:411,0
DA:413,0
DA:415,0
DA:420,0
DA:421,0
DA:422,0
DA:425,0
DA:433,0
DA:434,0
DA:435,0
DA:439,0
DA:440,0
DA:441,0
DA:445,0
DA:446,0
DA:447,0
LF:150
LH:44
end_of_record
SF:lib/common/data/repo/in_app_purchase_repo.dart
DA:20,0
DA:23,0
DA:26,0
DA:29,0
DA:32,0
DA:34,0
DA:35,0
DA:36,0
DA:37,0
DA:39,0
DA:46,0
DA:49,0
DA:50,0
DA:51,0
DA:54,0
DA:55,0
DA:57,0
DA:58,0
DA:59,0
DA:60,0
DA:61,0
DA:67,0
DA:68,0
DA:69,0
DA:83,1
DA:87,1
DA:88,3
DA:93,0
DA:100,0
DA:101,0
DA:102,0
DA:103,0
DA:106,0
DA:108,0
DA:109,0
DA:111,0
DA:112,0
DA:114,0
DA:119,0
DA:120,0
DA:122,0
DA:123,0
DA:130,1
DA:133,3
DA:134,1
DA:136,1
DA:143,1
DA:145,2
DA:146,4
DA:147,2
DA:149,2
LF:51
LH:12
end_of_record
SF:lib/common/constants/adds.dart
DA:3,0
DA:4,0
DA:10,0
DA:16,0
DA:22,0
DA:28,0
LF:6
LH:0
end_of_record
SF:lib/common/data/repo/googlelogin_repo.dart
DA:21,0
DA:25,0
DA:29,0
DA:34,0
DA:37,0
DA:38,0
DA:39,0
DA:44,0
DA:47,0
DA:49,0
DA:51,0
DA:52,0
DA:53,0
DA:56,0
DA:57,0
DA:67,0
DA:72,0
DA:78,0
DA:80,0
DA:81,0
DA:82,0
DA:85,0
LF:22
LH:0
end_of_record
SF:lib/features/home/ui/tab/tabbar.dart
DA:23,0
DA:24,0
DA:27,0
DA:29,0
DA:40,0
DA:44,0
DA:45,0
DA:58,0
DA:60,0
DA:61,0
DA:62,0
DA:64,0
DA:65,0
DA:66,0
DA:67,0
DA:68,0
DA:69,0
DA:70,0
DA:75,0
DA:76,0
DA:77,0
DA:78,0
DA:79,0
DA:80,0
DA:83,0
DA:84,0
DA:91,0
DA:94,0
DA:100,0
DA:101,0
DA:102,0
DA:118,0
DA:120,0
DA:121,0
DA:122,0
DA:123,0
DA:124,0
DA:125,0
DA:128,0
DA:130,0
DA:132,0
DA:133,0
DA:135,0
DA:136,0
DA:138,0
DA:139,0
DA:141,0
DA:142,0
DA:144,0
DA:145,0
DA:150,0
DA:151,0
DA:152,0
DA:153,0
DA:155,0
DA:159,0
DA:161,0
DA:163,0
DA:167,0
DA:168,0
DA:169,0
DA:171,0
DA:175,0
DA:177,0
DA:178,0
DA:179,0
DA:180,0
DA:186,0
DA:195,0
DA:196,0
DA:197,0
DA:198,0
DA:200,0
DA:202,0
DA:206,0
DA:208,0
DA:210,0
DA:217,0
DA:219,0
DA:221,0
DA:223,0
DA:226,0
DA:227,0
DA:228,0
DA:229,0
DA:230,0
DA:231,0
DA:235,0
DA:237,0
DA:238,0
DA:239,0
DA:241,0
DA:242,0
DA:244,0
DA:247,0
DA:276,0
DA:277,0
DA:278,0
LF:98
LH:0
end_of_record
SF:lib/features/payment/ui/products.dart
DA:37,0
DA:47,0
DA:48,0
DA:69,0
DA:71,0
DA:72,0
DA:73,0
DA:75,0
DA:76,0
DA:77,0
DA:78,0
DA:80,0
DA:81,0
DA:82,0
DA:83,0
DA:84,0
DA:85,0
DA:88,0
DA:92,0
DA:97,0
DA:99,0
DA:100,0
DA:103,0
DA:104,0
DA:107,0
DA:108,0
DA:109,0
DA:111,0
DA:112,0
DA:113,0
DA:114,0
DA:115,0
DA:117,0
DA:118,0
DA:119,0
DA:124,0
DA:125,0
DA:126,0
DA:127,0
DA:130,0
DA:131,0
DA:132,0
DA:133,0
DA:135,0
DA:136,0
DA:137,0
DA:138,0
DA:139,0
DA:140,0
DA:141,0
DA:143,0
DA:148,0
DA:149,0
DA:150,0
DA:151,0
DA:152,0
DA:154,0
DA:155,0
DA:156,0
DA:163,0
DA:164,0
DA:168,0
DA:170,0
DA:171,0
DA:172,0
DA:173,0
DA:175,0
DA:176,0
DA:177,0
DA:179,0
DA:180,0
DA:184,0
DA:185,0
DA:186,0
DA:187,0
DA:192,0
DA:193,0
DA:202,0
DA:203,0
DA:209,0
DA:210,0
DA:215,0
DA:216,0
DA:217,0
DA:219,0
DA:220,0
DA:222,0
DA:224,0
DA:225,0
DA:227,0
DA:229,0
DA:230,0
DA:236,0
DA:237,0
DA:244,0
DA:250,0
DA:251,0
DA:257,0
DA:258,0
DA:261,0
DA:262,0
DA:264,0
DA:265,0
DA:266,0
DA:276,0
DA:277,0
DA:279,0
DA:280,0
DA:281,0
DA:282,0
DA:283,0
DA:284,0
DA:285,0
DA:286,0
DA:288,0
DA:289,0
DA:290,0
DA:292,0
DA:293,0
DA:302,0
DA:303,0
DA:312,0
DA:314,0
DA:316,0
DA:317,0
DA:318,0
DA:319,0
DA:322,0
DA:326,0
DA:330,0
DA:331,0
DA:332,0
DA:333,0
DA:334,0
DA:335,0
DA:339,0
DA:340,0
DA:341,0
DA:344,0
DA:345,0
DA:349,0
DA:352,0
DA:353,0
DA:354,0
DA:355,0
DA:358,0
DA:359,0
DA:360,0
DA:361,0
DA:362,0
DA:363,0
DA:364,0
DA:366,0
DA:369,0
DA:370,0
DA:378,0
DA:384,0
DA:385,0
DA:386,0
DA:390,0
DA:391,0
DA:392,0
DA:393,0
DA:396,0
DA:397,0
DA:400,0
DA:401,0
DA:407,0
DA:408,0
DA:409,0
DA:410,0
DA:413,0
DA:414,0
DA:417,0
DA:418,0
DA:424,0
DA:426,0
DA:427,0
DA:428,0
DA:430,0
DA:431,0
DA:439,0
DA:441,0
DA:442,0
DA:443,0
DA:444,0
DA:445,0
DA:447,0
DA:449,0
DA:450,0
DA:458,0
DA:460,0
DA:462,0
DA:463,0
DA:464,0
DA:466,0
DA:467,0
DA:471,0
DA:472,0
DA:473,0
DA:474,0
DA:476,0
DA:479,0
DA:481,0
DA:482,0
DA:483,0
DA:484,0
DA:539,0
DA:541,0
DA:543,0
DA:544,0
DA:545,0
DA:546,0
DA:549,0
DA:551,0
DA:552,0
DA:559,0
DA:560,0
DA:561,0
DA:564,0
DA:566,0
DA:567,0
DA:582,0
DA:583,0
DA:584,0
DA:591,0
DA:599,0
DA:600,0
DA:603,0
DA:605,0
DA:606,0
DA:607,0
DA:608,0
DA:609,0
DA:611,0
DA:612,0
DA:616,0
DA:618,0
DA:619,0
DA:620,0
DA:622,0
DA:623,0
DA:633,0
DA:635,0
DA:636,0
DA:646,0
DA:648,0
DA:649,0
LF:248
LH:0
end_of_record
SF:lib/common/utils/app_exit.dart
DA:6,0
DA:7,0
DA:9,0
DA:10,0
DA:11,0
DA:12,0
DA:13,0
DA:14,0
DA:15,0
DA:16,0
DA:20,0
DA:21,0
DA:22,0
DA:23,0
LF:14
LH:0
end_of_record
SF:lib/common/utils/crousle_slider.dart
DA:8,0
DA:11,0
DA:13,0
DA:17,0
DA:18,0
DA:20,0
DA:22,0
DA:23,0
DA:25,0
DA:26,0
DA:27,0
DA:28,0
DA:29,0
DA:33,0
DA:35,0
DA:36,0
DA:38,0
DA:39,0
DA:40,0
DA:41,0
DA:46,0
DA:47,0
DA:48,0
DA:55,0
DA:59,0
DA:60,0
DA:61,0
DA:64,0
DA:68,0
LF:29
LH:0
end_of_record
SF:lib/common/utils/privacy_page.dart
DA:12,1
DA:16,0
DA:17,0
DA:24,0
DA:26,0
DA:27,0
DA:28,0
DA:29,0
DA:32,0
DA:33,0
DA:34,0
DA:37,0
DA:38,0
DA:39,0
DA:40,0
DA:41,0
DA:44,0
DA:45,0
DA:46,0
DA:49,0
DA:50,0
DA:51,0
DA:54,0
DA:55,0
DA:56,0
DA:63,0
DA:64,0
DA:68,0
DA:69,0
DA:70,0
DA:71,0
DA:73,0
DA:76,0
DA:77,0
DA:78,0
DA:79,0
DA:80,0
DA:82,0
DA:83,0
DA:84,0
LF:40
LH:1
end_of_record
SF:lib/common/widgets/custom_3d_icons.dart
DA:7,0
DA:10,0
DA:21,0
DA:32,0
DA:43,0
DA:55,0
DA:66,0
DA:77,0
DA:88,0
DA:100,0
DA:111,0
DA:122,0
DA:133,0
DA:145,0
DA:156,0
DA:167,0
DA:178,0
DA:189,0
DA:200,0
DA:211,0
DA:223,0
DA:224,0
DA:235,0
DA:246,0
DA:257,0
DA:269,0
DA:280,0
DA:291,0
DA:303,0
DA:314,0
DA:326,0
DA:337,0
DA:348,0
DA:359,0
DA:371,0
DA:382,0
DA:393,0
DA:404,0
DA:416,0
DA:427,0
DA:438,0
DA:450,0
DA:461,0
DA:472,0
DA:484,0
DA:495,0
DA:506,0
DA:518,0
DA:529,0
DA:540,0
DA:552,0
DA:563,0
DA:575,0
DA:586,0
DA:598,0
DA:609,0
DA:620,0
DA:632,0
DA:643,0
DA:654,0
DA:666,0
DA:672,0
DA:673,0
DA:674,0
DA:675,0
DA:676,0
DA:678,0
DA:679,0
DA:680,0
DA:684,0
DA:685,0
DA:691,0
DA:699,0
DA:710,0
DA:721,0
DA:732,0
DA:743,0
DA:754,0
DA:766,0
DA:777,0
DA:788,0
LF:81
LH:0
end_of_record
SF:lib/common/widgets/custom_button.dart
DA:5,0
DA:19,0
DA:20,0
DA:21,0
DA:22,0
DA:23,0
DA:24,0
DA:26,0
DA:27,0
DA:29,0
DA:30,0
DA:31,0
DA:40,0
DA:41,0
DA:42,0
DA:43,0
DA:46,0
LF:17
LH:0
end_of_record
SF:lib/features/account_status/data/services/account_status_service.dart
DA:13,0
DA:14,0
DA:18,0
DA:19,0
DA:29,0
DA:33,0
DA:38,0
DA:42,0
DA:46,0
DA:51,0
DA:55,0
DA:56,0
DA:58,0
DA:59,0
DA:60,0
DA:62,0
DA:66,0
DA:67,0
DA:68,0
DA:69,0
DA:70,0
DA:74,0
DA:75,0
DA:76,0
DA:77,0
DA:78,0
DA:83,0
DA:89,0
DA:90,0
DA:93,0
DA:95,0
DA:97,0
DA:98,0
DA:101,0
LF:34
LH:0
end_of_record
SF:lib/features/account_status/presentation/bloc/account_status_bloc.dart
DA:10,0
DA:11,0
DA:12,0
DA:13,0
DA:14,0
DA:15,0
DA:16,0
DA:24,0
DA:28,0
DA:30,0
DA:31,0
DA:33,0
DA:34,0
DA:36,0
DA:37,0
DA:38,0
DA:42,0
DA:46,0
DA:48,0
DA:49,0
DA:50,0
DA:52,0
DA:53,0
DA:54,0
DA:58,0
DA:62,0
DA:64,0
DA:65,0
DA:66,0
DA:68,0
DA:69,0
DA:70,0
DA:74,0
DA:78,0
DA:80,0
DA:81,0
DA:82,0
DA:83,0
LF:38
LH:0
end_of_record
SF:lib/features/account_status/presentation/bloc/account_status_event.dart
DA:5,0
DA:10,0
DA:16,0
DA:23,0
DA:30,0
LF:5
LH:0
end_of_record
SF:lib/features/account_status/presentation/bloc/account_status_state.dart
DA:5,1
DA:9,1
DA:13,1
DA:18,0
DA:23,3
DA:24,3
DA:25,3
DA:26,5
DA:30,0
LF:9
LH:7
end_of_record
SF:lib/features/account_status/presentation/screens/account_status_screen.dart
DA:16,1
DA:18,0
DA:19,0
DA:25,0
DA:27,0
DA:28,0
DA:29,0
DA:30,0
DA:34,0
DA:35,0
DA:37,0
DA:40,0
DA:43,0
DA:45,0
DA:47,0
DA:54,0
DA:55,0
DA:56,0
DA:57,0
DA:58,0
DA:59,0
DA:65,0
DA:66,0
DA:71,0
DA:73,0
DA:75,0
DA:77,0
DA:79,0
DA:83,0
DA:85,0
DA:92,0
DA:95,0
DA:104,0
DA:110,0
DA:112,0
DA:114,0
DA:121,0
DA:122,0
DA:123,0
DA:130,0
DA:137,0
DA:139,0
DA:141,0
DA:149,0
DA:150,0
DA:151,0
DA:159,0
DA:160,0
DA:163,0
DA:164,0
DA:165,0
DA:166,0
DA:170,0
DA:172,0
DA:177,0
DA:180,0
DA:181,0
DA:188,0
DA:191,0
DA:193,0
DA:194,0
DA:195,0
DA:196,0
DA:197,0
DA:200,0
DA:202,0
DA:209,0
DA:210,0
DA:216,0
DA:226,0
DA:234,0
DA:240,0
DA:241,0
DA:243,0
DA:245,0
DA:246,0
DA:248,0
DA:250,0
DA:252,0
DA:258,0
DA:259,0
DA:260,0
DA:261,0
DA:263,0
DA:266,0
DA:267,0
DA:268,0
DA:269,0
DA:271,0
DA:273,0
DA:274,0
DA:277,0
DA:279,0
DA:294,0
DA:297,0
DA:299,0
DA:300,0
DA:301,0
DA:307,0
DA:321,0
DA:323,0
DA:325,0
DA:327,0
DA:328,0
DA:329,0
DA:331,0
DA:332,0
DA:334,0
DA:335,0
DA:337,0
DA:339,0
DA:344,0
DA:346,0
DA:363,0
DA:379,0
DA:380,0
DA:381,0
DA:382,0
DA:385,0
DA:387,0
DA:388,0
DA:389,0
DA:390,0
DA:391,0
DA:393,0
DA:394,0
DA:395,0
DA:396,0
DA:403,0
DA:404,0
DA:405,0
DA:407,0
DA:408,0
DA:409,0
DA:411,0
DA:414,0
DA:415,0
DA:417,0
DA:418,0
DA:419,0
DA:420,0
DA:421,0
DA:422,0
DA:428,0
DA:430,0
DA:435,0
DA:436,0
DA:437,0
DA:439,0
DA:441,0
DA:452,0
DA:453,0
DA:454,0
DA:463,0
DA:464,0
DA:466,0
LF:156
LH:1
end_of_record
SF:lib/features/dating/screens/user_detail_screen.dart
DA:13,0
DA:21,0
DA:22,0
DA:35,0
DA:37,0
DA:38,0
DA:41,0
DA:44,0
DA:46,0
DA:49,0
DA:52,0
DA:54,0
DA:55,0
DA:57,0
DA:58,0
DA:59,0
DA:65,0
DA:67,0
DA:70,0
DA:72,0
DA:73,0
DA:74,0
DA:75,0
DA:76,0
DA:77,0
DA:83,0
DA:84,0
DA:85,0
DA:94,0
DA:95,0
DA:97,0
DA:98,0
DA:100,0
DA:105,0
DA:106,0
DA:107,0
DA:112,0
DA:113,0
DA:114,0
DA:120,0
DA:122,0
DA:124,0
DA:126,0
DA:131,0
DA:132,0
DA:137,0
DA:138,0
DA:143,0
DA:144,0
DA:145,0
DA:146,0
DA:152,0
DA:154,0
DA:167,0
DA:168,0
DA:169,0
DA:170,0
DA:171,0
DA:173,0
DA:174,0
DA:177,0
DA:180,0
DA:182,0
DA:183,0
DA:192,0
DA:193,0
DA:195,0
DA:196,0
DA:197,0
DA:198,0
DA:199,0
DA:200,0
DA:203,0
DA:204,0
DA:205,0
DA:206,0
DA:208,0
DA:209,0
DA:217,0
DA:218,0
DA:219,0
DA:221,0
DA:222,0
DA:225,0
DA:228,0
DA:230,0
DA:231,0
DA:243,0
DA:244,0
DA:248,0
DA:250,0
DA:251,0
DA:252,0
DA:254,0
DA:256,0
DA:257,0
DA:259,0
DA:260,0
DA:261,0
DA:262,0
DA:263,0
DA:275,0
DA:276,0
DA:279,0
DA:281,0
DA:282,0
DA:283,0
DA:284,0
DA:285,0
DA:287,0
DA:288,0
DA:289,0
DA:295,0
DA:296,0
DA:297,0
DA:301,0
DA:302,0
DA:305,0
DA:316,0
DA:318,0
DA:320,0
DA:321,0
DA:322,0
DA:332,0
DA:333,0
DA:334,0
DA:335,0
DA:336,0
DA:339,0
DA:340,0
DA:341,0
DA:342,0
DA:343,0
DA:345,0
DA:346,0
DA:347,0
DA:356,0
DA:357,0
DA:360,0
DA:361,0
DA:362,0
DA:363,0
DA:364,0
DA:366,0
DA:367,0
DA:368,0
DA:382,0
DA:383,0
DA:384,0
DA:391,0
DA:392,0
DA:393,0
DA:394,0
DA:402,0
DA:404,0
DA:407,0
DA:408,0
DA:409,0
DA:411,0
DA:413,0
DA:414,0
DA:415,0
DA:427,0
DA:428,0
DA:430,0
DA:431,0
DA:432,0
DA:439,0
DA:440,0
DA:441,0
DA:450,0
DA:452,0
DA:453,0
DA:460,0
DA:461,0
DA:462,0
DA:475,0
DA:476,0
DA:478,0
DA:480,0
DA:481,0
DA:482,0
DA:483,0
DA:490,0
DA:493,0
DA:495,0
DA:496,0
DA:498,0
DA:500,0
DA:511,0
DA:512,0
DA:514,0
DA:516,0
DA:517,0
DA:519,0
DA:526,0
DA:530,0
DA:531,0
DA:534,0
DA:535,0
DA:536,0
DA:538,0
DA:540,0
DA:542,0
DA:550,0
DA:556,0
DA:558,0
DA:559,0
DA:561,0
DA:571,0
DA:572,0
DA:575,0
DA:578,0
DA:579,0
DA:582,0
DA:585,0
DA:586,0
DA:589,0
DA:592,0
DA:593,0
DA:596,0
DA:601,0
DA:606,0
DA:609,0
DA:611,0
DA:612,0
DA:614,0
DA:615,0
DA:616,0
DA:618,0
DA:619,0
DA:622,0
DA:629,0
DA:630,0
DA:632,0
DA:633,0
DA:635,0
DA:642,0
DA:644,0
DA:657,0
DA:658,0
DA:659,0
DA:660,0
DA:661,0
DA:670,0
DA:672,0
DA:673,0
DA:675,0
DA:676,0
DA:677,0
DA:682,0
DA:683,0
DA:686,0
DA:687,0
DA:691,0
DA:692,0
DA:693,0
DA:695,0
DA:696,0
DA:698,0
DA:699,0
DA:701,0
DA:702,0
DA:704,0
DA:705,0
DA:709,0
DA:710,0
DA:719,0
DA:726,0
DA:727,0
DA:734,0
DA:736,0
DA:737,0
DA:738,0
DA:741,0
DA:743,0
DA:744,0
DA:747,0
DA:748,0
DA:750,0
DA:754,0
DA:755,0
DA:756,0
DA:764,0
DA:765,0
DA:766,0
DA:767,0
DA:768,0
DA:769,0
DA:770,0
DA:771,0
DA:774,0
DA:777,0
DA:778,0
DA:779,0
DA:781,0
DA:784,0
DA:785,0
DA:786,0
DA:788,0
DA:789,0
DA:792,0
DA:795,0
DA:797,0
DA:798,0
DA:809,0
DA:810,0
DA:814,0
DA:816,0
DA:817,0
DA:818,0
DA:820,0
DA:822,0
DA:823,0
DA:825,0
DA:826,0
LF:316
LH:0
end_of_record
SF:lib/features/dating/widgets/mode_specific_profile_sections.dart
DA:7,0
DA:15,0
DA:16,0
DA:17,0
DA:19,0
DA:24,0
DA:28,0
DA:29,0
DA:31,0
DA:33,0
DA:34,0
DA:35,0
DA:36,0
DA:38,0
DA:39,0
DA:40,0
DA:41,0
DA:42,0
DA:46,0
DA:47,0
DA:49,0
DA:50,0
DA:51,0
DA:52,0
DA:55,0
DA:58,0
DA:59,0
DA:60,0
DA:62,0
DA:73,0
DA:74,0
DA:75,0
DA:76,0
DA:77,0
DA:78,0
DA:79,0
DA:80,0
DA:82,0
DA:86,0
DA:87,0
DA:91,0
DA:92,0
DA:93,0
DA:94,0
DA:97,0
DA:99,0
DA:103,0
DA:104,0
DA:108,0
DA:109,0
DA:113,0
DA:114,0
DA:115,0
DA:116,0
DA:121,0
DA:122,0
DA:126,0
DA:127,0
DA:128,0
DA:129,0
DA:132,0
DA:134,0
DA:138,0
DA:139,0
DA:143,0
DA:144,0
DA:148,0
DA:149,0
DA:150,0
DA:151,0
DA:156,0
DA:157,0
DA:161,0
DA:162,0
DA:163,0
DA:164,0
DA:167,0
DA:169,0
DA:173,0
DA:174,0
DA:178,0
DA:179,0
DA:183,0
DA:184,0
DA:185,0
DA:186,0
DA:188,0
DA:194,0
DA:200,0
DA:202,0
DA:204,0
DA:205,0
DA:206,0
DA:207,0
DA:213,0
DA:215,0
DA:216,0
DA:217,0
DA:218,0
DA:220,0
DA:222,0
DA:231,0
DA:236,0
DA:237,0
DA:239,0
DA:241,0
DA:243,0
DA:244,0
DA:246,0
DA:247,0
DA:248,0
DA:255,0
DA:256,0
DA:258,0
DA:269,0
DA:270,0
DA:272,0
DA:275,0
DA:279,0
DA:281,0
DA:282,0
DA:283,0
DA:285,0
DA:287,0
DA:289,0
DA:298,0
DA:299,0
DA:300,0
DA:301,0
DA:307,0
DA:308,0
DA:314,0
DA:315,0
DA:322,0
DA:332,0
DA:333,0
DA:334,0
DA:335,0
DA:336,0
DA:337,0
DA:338,0
DA:340,0
DA:342,0
DA:343,0
DA:344,0
DA:345,0
DA:347,0
DA:348,0
DA:351,0
DA:352,0
DA:353,0
DA:354,0
DA:355,0
DA:357,0
DA:359,0
DA:362,0
DA:364,0
DA:367,0
DA:369,0
DA:372,0
DA:374,0
DA:379,0
LF:162
LH:0
end_of_record
SF:lib/features/explore/explore_screen.dart
DA:15,1
DA:21,0
DA:22,0
DA:32,0
DA:34,0
DA:35,0
DA:38,0
DA:40,0
DA:41,0
DA:44,0
DA:46,0
DA:49,0
DA:50,0
DA:51,0
DA:54,0
DA:56,0
DA:57,0
DA:58,0
DA:59,0
DA:64,0
DA:65,0
DA:66,0
DA:67,0
DA:68,0
DA:74,0
DA:75,0
DA:78,0
DA:79,0
DA:80,0
DA:81,0
DA:85,0
DA:86,0
DA:87,0
DA:90,0
DA:91,0
DA:92,0
DA:93,0
DA:97,0
DA:98,0
DA:99,0
DA:100,0
DA:101,0
DA:107,0
DA:109,0
DA:110,0
DA:112,0
DA:113,0
DA:115,0
DA:120,0
DA:122,0
DA:134,0
DA:135,0
DA:137,0
DA:138,0
DA:140,0
DA:141,0
DA:144,0
DA:147,0
DA:148,0
DA:149,0
DA:157,0
DA:158,0
DA:159,0
DA:171,0
DA:172,0
DA:174,0
DA:175,0
DA:177,0
DA:178,0
DA:181,0
DA:184,0
DA:186,0
DA:198,0
DA:199,0
DA:200,0
DA:201,0
LF:76
LH:1
end_of_record
SF:lib/features/explore/screens/tribe_connect_screen.dart
DA:15,0
DA:25,0
DA:26,0
DA:35,0
DA:36,0
DA:37,0
DA:38,0
DA:39,0
DA:40,0
DA:46,0
DA:47,0
DA:48,0
DA:50,0
DA:51,0
DA:53,0
DA:54,0
DA:57,0
DA:60,0
DA:62,0
DA:69,0
DA:70,0
DA:71,0
DA:72,0
DA:78,0
DA:79,0
DA:80,0
DA:83,0
DA:85,0
DA:86,0
DA:91,0
DA:92,0
DA:94,0
DA:95,0
DA:100,0
DA:101,0
DA:103,0
DA:104,0
DA:106,0
DA:108,0
DA:115,0
DA:117,0
DA:125,0
DA:126,0
DA:127,0
DA:132,0
DA:133,0
DA:136,0
DA:138,0
DA:148,0
DA:151,0
DA:154,0
DA:155,0
DA:156,0
DA:157,0
DA:162,0
DA:163,0
DA:164,0
DA:165,0
DA:166,0
DA:167,0
DA:169,0
DA:176,0
DA:179,0
DA:180,0
DA:183,0
DA:186,0
DA:188,0
DA:192,0
DA:195,0
DA:196,0
DA:198,0
DA:202,0
DA:205,0
DA:206,0
DA:209,0
DA:210,0
DA:213,0
DA:216,0
DA:217,0
DA:219,0
DA:223,0
DA:225,0
DA:226,0
DA:227,0
DA:230,0
DA:231,0
DA:232,0
DA:235,0
DA:242,0
DA:243,0
DA:244,0
DA:245,0
DA:246,0
DA:247,0
DA:248,0
DA:251,0
DA:252,0
DA:253,0
DA:259,0
DA:260,0
DA:261,0
DA:262,0
DA:266,0
DA:267,0
DA:273,0
DA:274,0
DA:275,0
DA:276,0
DA:277,0
DA:280,0
DA:281,0
DA:287,0
DA:288,0
DA:289,0
DA:290,0
DA:294,0
DA:295,0
DA:306,0
DA:314,0
DA:315,0
DA:329,0
DA:331,0
DA:332,0
DA:333,0
DA:336,0
DA:337,0
DA:340,0
DA:342,0
DA:343,0
DA:344,0
DA:345,0
DA:346,0
DA:348,0
DA:349,0
DA:352,0
DA:353,0
DA:354,0
DA:357,0
DA:358,0
DA:360,0
DA:363,0
DA:364,0
DA:366,0
DA:373,0
DA:375,0
DA:381,0
DA:382,0
DA:384,0
DA:385,0
DA:387,0
DA:388,0
DA:389,0
DA:393,0
DA:395,0
DA:396,0
DA:399,0
DA:408,0
DA:410,0
DA:421,0
DA:422,0
DA:423,0
DA:424,0
DA:425,0
DA:428,0
DA:430,0
DA:432,0
DA:433,0
DA:434,0
DA:438,0
DA:439,0
DA:440,0
DA:441,0
DA:447,0
DA:448,0
DA:449,0
DA:450,0
DA:460,0
DA:473,1
LF:178
LH:1
end_of_record
SF:lib/features/explore/widgets/hinge_profile_card.dart
DA:12,0
DA:23,0
DA:24,0
DA:31,0
DA:33,0
DA:34,0
DA:37,0
DA:40,0
DA:41,0
DA:43,0
DA:44,0
DA:46,0
DA:48,0
DA:50,0
DA:51,0
DA:52,0
DA:53,0
DA:59,0
DA:61,0
DA:63,0
DA:64,0
DA:66,0
DA:69,0
DA:72,0
DA:75,0
DA:78,0
DA:81,0
DA:84,0
DA:90,0
DA:91,0
DA:92,0
DA:93,0
DA:96,0
DA:97,0
DA:98,0
DA:99,0
DA:104,0
DA:107,0
DA:108,0
DA:109,0
DA:114,0
DA:115,0
DA:117,0
DA:118,0
DA:120,0
DA:122,0
DA:124,0
DA:133,0
DA:134,0
DA:135,0
DA:136,0
DA:137,0
DA:138,0
DA:139,0
DA:144,0
DA:145,0
DA:147,0
DA:148,0
DA:151,0
DA:154,0
DA:156,0
DA:158,0
DA:170,0
DA:171,0
DA:172,0
DA:173,0
DA:174,0
DA:177,0
DA:178,0
DA:179,0
DA:180,0
DA:181,0
DA:182,0
DA:183,0
DA:184,0
DA:185,0
DA:188,0
DA:189,0
DA:190,0
DA:191,0
DA:193,0
DA:197,0
DA:198,0
DA:200,0
DA:202,0
DA:207,0
DA:208,0
DA:218,0
DA:220,0
DA:221,0
DA:224,0
DA:228,0
DA:229,0
DA:233,0
DA:235,0
DA:236,0
DA:237,0
DA:241,0
DA:242,0
DA:244,0
DA:259,0
DA:261,0
DA:263,0
DA:264,0
DA:265,0
DA:267,0
DA:269,0
DA:271,0
DA:273,0
DA:275,0
DA:276,0
DA:277,0
DA:289,0
DA:290,0
DA:292,0
DA:293,0
DA:294,0
DA:295,0
DA:298,0
DA:299,0
DA:300,0
DA:301,0
DA:303,0
DA:305,0
DA:306,0
DA:315,0
DA:317,0
DA:318,0
DA:320,0
DA:322,0
DA:331,0
DA:333,0
DA:335,0
DA:336,0
DA:338,0
DA:345,0
DA:347,0
DA:359,0
DA:365,0
DA:366,0
DA:369,0
DA:370,0
DA:371,0
DA:372,0
DA:373,0
DA:376,0
DA:381,0
DA:382,0
DA:383,0
DA:388,0
DA:389,0
DA:392,0
DA:397,0
DA:398,0
DA:400,0
DA:401,0
DA:404,0
DA:409,0
DA:411,0
DA:414,0
DA:416,0
DA:418,0
DA:420,0
DA:423,0
DA:424,0
DA:426,0
DA:427,0
DA:428,0
DA:429,0
DA:434,0
DA:435,0
DA:436,0
DA:437,0
DA:448,0
DA:454,0
DA:456,0
DA:458,0
DA:459,0
DA:461,0
DA:468,0
DA:472,0
DA:473,0
DA:478,0
DA:479,0
DA:480,0
DA:481,0
DA:482,0
DA:485,0
DA:487,0
DA:495,0
DA:502,0
DA:504,0
DA:506,0
DA:508,0
DA:513,0
DA:514,0
DA:516,0
DA:532,0
DA:535,0
DA:536,0
DA:538,0
DA:556,0
DA:557,0
DA:560,0
DA:561,0
DA:562,0
DA:563,0
DA:565,0
LF:208
LH:0
end_of_record
SF:lib/features/explore/widgets/match_confirmation_modal.dart
DA:12,0
DA:24,0
DA:25,0
DA:36,0
DA:38,0
DA:39,0
DA:44,0
DA:45,0
DA:46,0
DA:51,0
DA:52,0
DA:53,0
DA:58,0
DA:61,0
DA:63,0
DA:64,0
DA:68,0
DA:69,0
DA:71,0
DA:72,0
DA:77,0
DA:78,0
DA:79,0
DA:83,0
DA:86,0
DA:89,0
DA:90,0
DA:91,0
DA:92,0
DA:94,0
DA:95,0
DA:96,0
DA:102,0
DA:103,0
DA:109,0
DA:110,0
DA:114,0
DA:116,0
DA:117,0
DA:123,0
DA:124,0
DA:129,0
DA:131,0
DA:132,0
DA:134,0
DA:135,0
DA:136,0
DA:139,0
DA:140,0
DA:141,0
DA:143,0
DA:145,0
DA:146,0
DA:147,0
DA:148,0
DA:152,0
DA:153,0
DA:158,0
DA:159,0
DA:163,0
DA:165,0
DA:168,0
DA:181,0
DA:182,0
DA:183,0
DA:185,0
DA:197,0
DA:198,0
DA:199,0
DA:200,0
DA:201,0
DA:203,0
DA:212,0
DA:214,0
DA:216,0
DA:221,0
DA:223,0
DA:224,0
DA:237,0
DA:245,0
DA:247,0
DA:256,0
DA:259,0
DA:261,0
DA:262,0
DA:263,0
DA:269,0
DA:270,0
DA:271,0
DA:274,0
DA:277,0
DA:278,0
DA:289,0
DA:290,0
DA:292,0
DA:293,0
DA:294,0
DA:296,0
DA:297,0
DA:299,0
DA:300,0
DA:301,0
DA:305,0
DA:306,0
DA:309,0
DA:311,0
DA:314,0
DA:323,0
DA:324,0
DA:325,0
DA:326,0
DA:330,0
DA:331,0
DA:335,0
DA:344,0
DA:346,0
DA:356,0
DA:358,0
DA:360,0
DA:361,0
DA:362,0
DA:366,0
DA:367,0
DA:371,0
DA:380,0
DA:382,0
DA:392,0
DA:393,0
DA:395,0
DA:396,0
DA:398,0
DA:399,0
DA:400,0
DA:404,0
DA:405,0
DA:408,0
DA:410,0
DA:413,0
LF:138
LH:0
end_of_record
SF:lib/features/messages/chat_thread_screen.dart
DA:18,0
DA:30,0
DA:31,0
DA:41,0
DA:43,0
DA:44,0
DA:47,0
DA:48,0
DA:49,0
DA:50,0
DA:51,0
DA:56,0
DA:59,0
DA:60,0
DA:64,0
DA:66,0
DA:67,0
DA:68,0
DA:71,0
DA:72,0
DA:73,0
DA:74,0
DA:75,0
DA:83,0
DA:84,0
DA:85,0
DA:88,0
DA:89,0
DA:96,0
DA:98,0
DA:99,0
DA:102,0
DA:106,0
DA:108,0
DA:109,0
DA:110,0
DA:111,0
DA:115,0
DA:120,0
DA:122,0
DA:123,0
DA:124,0
DA:125,0
DA:126,0
DA:127,0
DA:128,0
DA:130,0
DA:131,0
DA:135,0
DA:139,0
DA:140,0
DA:143,0
DA:144,0
DA:145,0
DA:146,0
DA:154,0
DA:156,0
DA:167,0
DA:168,0
DA:170,0
DA:172,0
DA:174,0
DA:176,0
DA:177,0
DA:179,0
DA:180,0
DA:182,0
DA:183,0
DA:187,0
DA:222,0
DA:223,0
DA:225,0
DA:226,0
DA:227,0
DA:228,0
DA:229,0
DA:233,0
DA:234,0
DA:235,0
DA:237,0
DA:242,0
DA:244,0
DA:245,0
DA:246,0
DA:248,0
DA:249,0
DA:252,0
DA:255,0
DA:257,0
DA:259,0
DA:263,0
DA:264,0
DA:265,0
DA:278,0
DA:279,0
DA:282,0
DA:283,0
DA:286,0
DA:287,0
DA:288,0
DA:289,0
DA:292,0
DA:293,0
DA:294,0
DA:295,0
DA:298,0
DA:299,0
DA:301,0
DA:302,0
DA:312,0
DA:314,0
DA:316,0
DA:317,0
DA:318,0
DA:324,0
DA:325,0
DA:326,0
DA:328,0
DA:333,0
DA:335,0
DA:336,0
DA:338,0
DA:339,0
DA:340,0
[...]
DA:135,0
DA:137,0
DA:139,0
DA:143,0
DA:144,0
DA:145,0
DA:148,0
DA:149,0
DA:150,0
DA:154,0
DA:155,0
DA:159,0
DA:160,0
DA:161,0
DA:165,0
DA:167,0
DA:169,0
DA:175,0
DA:177,0
DA:178,0
DA:179,0
DA:180,0
DA:181,0
DA:184,0
DA:185,0
DA:186,0
DA:187,0
DA:188,0
DA:191,0
DA:192,0
DA:194,0
DA:200,0
DA:202,0
DA:203,0
DA:204,0
DA:205,0
DA:206,0
DA:207,0
DA:208,0
DA:209,0
DA:211,0
DA:212,0
DA:213,0
DA:214,0
DA:215,0
DA:218,0
DA:219,0
DA:221,0
DA:223,0
DA:224,0
DA:229,0
DA:230,0
DA:235,0
DA:237,0
DA:238,0
DA:239,0
DA:242,0
DA:244,0
DA:245,0
DA:247,0
DA:248,0
DA:252,0
DA:253,0
DA:254,0
DA:255,0
DA:256,0
DA:257,0
DA:259,0
DA:260,0
DA:261,0
DA:262,0
DA:263,0
DA:271,0
DA:277,0
DA:279,0
DA:281,0
DA:285,0
DA:288,0
DA:293,0
DA:296,0
DA:298,0
DA:299,0
DA:301,0
DA:307,0
DA:309,0
DA:311,0
DA:315,0
DA:316,0
DA:317,0
DA:320,0
DA:321,0
DA:322,0
DA:326,0
DA:327,0
DA:331,0
DA:332,0
DA:336,0
DA:337,0
DA:338,0
DA:342,0
DA:344,0
DA:346,0
DA:352,0
DA:353,0
DA:354,0
DA:358,0
DA:360,0
DA:361,0
DA:365,0
DA:366,0
DA:367,0
DA:368,0
DA:374,0
DA:375,0
DA:376,0
DA:379,0
DA:383,0
DA:384,0
DA:385,0
DA:389,0
DA:390,0
DA:393,0
DA:394,0
DA:397,0
DA:398,0
DA:403,0
DA:405,0
DA:409,0
DA:411,0
DA:412,0
DA:418,0
DA:419,0
DA:420,0
DA:423,0
DA:424,0
DA:427,0
DA:428,0
DA:433,0
DA:434,0
DA:435,0
DA:440,0
DA:445,0
DA:446,0
DA:447,0
DA:449,0
DA:452,0
DA:453,0
DA:454,0
DA:456,0
DA:457,0
DA:458,0
DA:462,0
DA:463,0
DA:468,0
DA:469,0
DA:470,0
DA:476,0
DA:477,0
DA:478,0
DA:479,0
DA:482,0
DA:483,0
DA:484,0
DA:489,0
DA:494,0
DA:496,0
DA:497,0
DA:498,0
DA:502,0
DA:503,0
DA:506,0
DA:507,0
DA:510,0
DA:511,0
DA:512,0
DA:515,0
DA:517,0
DA:518,0
DA:522,0
DA:523,0
DA:527,0
DA:531,0
DA:532,0
DA:536,0
DA:540,0
DA:541,0
DA:547,0
DA:550,0
DA:555,0
DA:556,0
DA:563,0
DA:568,0
DA:569,0
DA:570,0
DA:571,0
DA:573,0
DA:578,0
DA:583,0
DA:584,0
DA:585,0
DA:590,0
DA:591,0
DA:593,0
DA:601,0
DA:602,0
DA:604,0
DA:605,0
DA:612,0
DA:615,0
DA:616,0
DA:620,0
DA:624,0
LF:267
LH:0
end_of_record
SF:lib/features/events/presentation/bloc/event_creation_bloc.dart
DA:10,0
DA:12,0
DA:13,0
DA:17,0
DA:20,0
DA:21,0
DA:25,0
DA:29,0
DA:30,0
DA:34,0
DA:37,0
DA:38,0
DA:42,0
DA:45,0
DA:46,0
DA:50,0
DA:53,0
DA:54,0
DA:58,0
DA:61,0
DA:62,0
DA:66,0
DA:69,0
DA:70,0
DA:75,1
DA:77,0
DA:78,0
DA:86,1
DA:90,0
DA:91,0
DA:95,1
DA:99,0
DA:100,0
DA:104,1
DA:108,0
DA:109,0
DA:113,0
DA:117,0
DA:118,0
DA:124,0
DA:127,0
DA:128,0
DA:132,0
DA:135,0
DA:136,0
DA:140,0
DA:143,0
DA:144,0
DA:148,0
DA:151,0
DA:152,0
DA:157,0
DA:160,0
DA:161,0
DA:162,0
DA:163,0
DA:164,0
DA:165,0
DA:166,0
DA:167,0
DA:171,0
DA:175,0
DA:179,0
DA:180,0
DA:181,0
DA:182,0
DA:183,0
DA:190,0
DA:192,0
DA:193,0
DA:199,0
DA:201,0
DA:202,0
DA:203,0
DA:204,0
DA:205,0
DA:211,0
DA:215,0
DA:219,0
DA:220,0
DA:221,0
DA:222,0
DA:223,0
DA:230,0
DA:232,0
DA:233,0
DA:234,0
DA:239,0
DA:240,0
DA:244,0
DA:245,0
DA:246,0
DA:247,0
DA:248,0
DA:254,0
DA:258,0
DA:261,0
DA:263,0
DA:265,0
DA:267,0
DA:268,0
DA:269,0
DA:270,0
DA:271,0
DA:277,0
DA:281,0
DA:284,0
DA:286,0
DA:288,0
DA:290,0
DA:291,0
DA:292,0
DA:293,0
DA:294,0
DA:300,0
DA:304,0
DA:307,0
DA:309,0
DA:311,0
DA:313,0
DA:314,0
DA:315,0
DA:316,0
DA:317,0
DA:323,0
DA:327,0
DA:330,0
DA:334,0
DA:335,0
DA:336,0
DA:337,0
DA:338,0
DA:340,0
DA:343,0
DA:345,0
DA:347,0
DA:349,0
DA:350,0
DA:354,0
DA:358,0
DA:359,0
DA:362,0
DA:363,0
DA:366,0
DA:367,0
DA:368,0
DA:369,0
DA:370,0
DA:371,0
DA:374,0
DA:375,0
DA:376,0
DA:377,0
DA:378,0
DA:379,0
DA:383,0
DA:384,0
DA:385,0
DA:386,0
DA:387,0
DA:390,0
DA:391,0
DA:392,0
DA:393,0
DA:394,0
DA:395,0
DA:396,0
DA:397,0
DA:401,0
DA:402,0
DA:404,0
DA:405,0
DA:407,0
DA:408,0
DA:413,0
DA:414,0
DA:415,0
DA:416,0
DA:420,0
DA:421,0
DA:422,0
DA:423,0
DA:424,0
DA:429,0
DA:430,0
DA:434,0
DA:435,0
DA:438,0
DA:439,0
DA:440,0
DA:448,0
DA:449,0
DA:450,0
DA:453,0
DA:456,0
DA:458,0
DA:460,0
DA:462,0
DA:469,0
DA:470,0
DA:472,0
DA:476,0
DA:478,0
DA:480,0
DA:482,0
LF:205
LH:4
end_of_record
SF:lib/features/events/presentation/screens/create_event_screen.dart
DA:23,1
DA:31,1
DA:32,1
DA:54,1
DA:56,1
DA:57,3
DA:58,1
DA:59,1
DA:62,1
DA:64,1
DA:65,2
DA:66,1
DA:69,1
DA:70,3
DA:71,2
DA:72,2
DA:73,2
DA:74,2
DA:75,2
DA:76,2
DA:77,2
DA:78,3
DA:79,2
DA:80,2
DA:81,2
DA:82,3
DA:83,2
DA:84,3
DA:85,2
DA:87,0
DA:88,0
DA:89,0
DA:91,0
DA:92,0
DA:93,0
DA:94,0
DA:95,0
DA:96,0
DA:97,0
DA:98,0
DA:99,0
DA:100,0
DA:101,0
DA:103,2
DA:107,1
DA:108,1
DA:110,1
DA:111,1
DA:112,1
DA:113,1
DA:114,1
DA:115,1
DA:116,1
DA:117,1
DA:118,1
DA:119,0
DA:120,0
DA:121,1
DA:122,2
DA:123,2
DA:124,2
DA:125,1
DA:126,1
DA:127,0
DA:129,2
DA:130,2
DA:134,1
DA:140,2
DA:143,1
DA:145,1
DA:147,1
DA:148,1
DA:149,1
DA:150,1
DA:151,1
DA:157,1
DA:159,0
DA:170,1
DA:171,2
DA:172,3
DA:173,1
DA:174,1
DA:175,1
DA:177,1
DA:187,2
DA:189,1
DA:190,1
DA:191,1
DA:192,4
DA:193,2
DA:194,2
DA:196,1
DA:197,1
DA:199,1
DA:200,4
DA:202,1
DA:206,1
DA:213,1
DA:214,8
DA:215,1
DA:225,2
DA:237,1
DA:238,1
DA:239,2
DA:240,0
DA:241,0
DA:242,0
DA:243,0
DA:246,0
DA:247,0
DA:250,0
DA:252,0
DA:260,2
DA:261,1
DA:262,1
DA:263,1
DA:264,1
DA:265,1
DA:267,1
DA:269,1
DA:270,1
DA:271,1
DA:275,1
DA:276,1
DA:288,1
DA:289,1
DA:290,1
DA:303,1
DA:304,5
DA:305,0
DA:310,0
DA:312,0
DA:313,0
DA:318,0
DA:319,0
DA:321,0
DA:325,0
DA:326,0
DA:328,0
DA:332,0
DA:334,0
DA:335,0
DA:339,0
DA:340,0
DA:343,0
DA:344,0
DA:351,0
DA:352,0
DA:353,0
DA:354,0
DA:361,1
DA:362,1
DA:363,1
DA:364,1
DA:365,0
DA:366,0
DA:367,0
DA:368,0
DA:369,0
DA:370,0
DA:371,0
DA:372,0
DA:373,0
DA:381,2
DA:383,1
DA:384,4
DA:385,0
DA:388,4
DA:389,0
DA:392,4
DA:393,0
DA:399,0
DA:405,0
DA:406,0
DA:407,0
DA:410,0
DA:411,0
DA:414,0
DA:415,0
DA:416,0
DA:419,0
DA:420,0
DA:426,0
DA:427,0
DA:428,0
DA:432,0
DA:435,0
DA:436,0
DA:440,0
DA:441,0
DA:445,0
DA:446,0
DA:450,0
DA:451,0
DA:455,0
DA:456,0
DA:463,0
DA:465,0
DA:466,0
DA:468,0
DA:472,0
DA:474,0
DA:481,0
DA:483,0
DA:486,0
DA:488,0
DA:489,0
DA:493,0
DA:494,0
DA:496,0
DA:497,0
DA:499,0
DA:504,1
DA:506,2
DA:507,0
DA:508,0
DA:513,0
DA:515,0
DA:516,0
DA:517,0
DA:518,0
DA:522,0
DA:523,0
DA:524,0
DA:525,0
DA:528,1
DA:530,2
DA:531,2
DA:532,1
DA:536,1
DA:537,3
DA:538,1
DA:539,2
DA:540,1
DA:541,0
DA:545,1
DA:546,1
DA:547,1
DA:548,1
DA:551,2
DA:554,2
DA:556,1
DA:557,1
DA:561,1
DA:563,1
DA:565,1
DA:574,1
DA:576,1
DA:581,1
DA:582,1
DA:584,1
DA:586,1
DA:588,1
DA:589,1
DA:590,0
DA:591,0
DA:592,0
DA:593,0
DA:595,1
DA:598,1
DA:600,1
DA:609,1
DA:611,1
DA:612,0
DA:613,0
DA:616,0
DA:617,0
DA:621,0
DA:623,1
DA:627,1
DA:628,1
DA:631,1
DA:633,1
DA:644,0
DA:645,0
DA:646,0
DA:647,0
DA:649,0
DA:652,0
DA:653,0
DA:656,0
DA:658,0
DA:667,0
DA:668,0
DA:671,0
DA:672,0
DA:675,0
DA:678,0
DA:679,0
DA:681,0
DA:683,0
DA:685,0
DA:690,0
DA:691,0
DA:692,0
DA:693,0
DA:694,0
DA:695,0
DA:697,0
DA:701,0
DA:702,0
DA:710,1
DA:711,3
DA:712,1
DA:713,1
DA:715,1
DA:719,1
DA:720,1
DA:726,0
DA:727,0
DA:728,0
DA:729,0
DA:730,0
DA:731,0
DA:735,0
DA:736,0
DA:737,0
DA:738,0
DA:740,0
DA:741,0
DA:742,0
DA:751,0
DA:752,0
DA:754,0
DA:763,0
DA:765,0
DA:771,0
DA:772,0
DA:773,0
DA:774,0
DA:775,0
DA:777,0
DA:780,0
DA:781,0
DA:784,0
DA:786,0
DA:792,0
DA:793,0
DA:794,0
DA:795,0
DA:797,0
DA:802,0
DA:803,0
DA:807,0
DA:809,0
DA:819,0
LF:346
LH:159
end_of_record
SF:lib/features/events/presentation/widgets/create_event_steps/advanced_settings_step.dart
DA:15,1
DA:21,0
DA:22,0
DA:30,0
DA:32,0
DA:33,0
DA:34,0
DA:36,0
DA:37,0
DA:40,0
DA:41,0
DA:42,0
DA:45,0
DA:46,0
DA:47,0
DA:48,0
DA:53,0
DA:55,0
DA:56,0
DA:57,0
DA:60,0
DA:61,0
DA:63,0
DA:65,0
DA:66,0
DA:68,0
DA:70,0
DA:78,0
DA:82,0
DA:86,0
DA:92,0
DA:94,0
DA:101,0
DA:103,0
DA:104,0
DA:106,0
DA:113,0
DA:115,0
DA:123,0
DA:124,0
DA:125,0
DA:126,0
DA:128,0
DA:129,0
DA:133,0
DA:134,0
DA:136,0
DA:137,0
DA:144,0
DA:148,0
DA:153,0
DA:155,0
DA:156,0
DA:158,0
DA:159,0
DA:160,0
DA:163,0
DA:164,0
DA:165,0
DA:171,0
DA:173,0
DA:185,0
DA:187,0
DA:195,0
DA:196,0
DA:197,0
DA:201,0
DA:202,0
DA:203,0
DA:204,0
DA:206,0
DA:207,0
DA:208,0
DA:209,0
DA:211,0
DA:212,0
DA:213,0
DA:216,0
DA:219,0
DA:225,0
DA:228,0
DA:231,0
DA:232,0
DA:233,0
DA:252,0
DA:254,0
DA:255,0
DA:257,0
DA:266,0
DA:267,0
DA:269,0
DA:270,0
DA:272,0
DA:273,0
DA:274,0
DA:275,0
DA:277,0
DA:283,0
DA:285,0
DA:290,0
DA:291,0
DA:292,0
DA:293,0
DA:295,0
DA:296,0
DA:307,0
DA:309,0
DA:310,0
DA:312,0
DA:313,0
DA:315,0
DA:316,0
DA:319,0
DA:320,0
DA:322,0
DA:324,0
DA:328,0
DA:332,0
DA:337,0
DA:347,0
DA:349,0
DA:350,0
DA:352,0
DA:359,0
DA:361,0
DA:367,0
DA:368,0
DA:370,0
DA:371,0
DA:373,0
DA:374,0
DA:376,0
DA:377,0
DA:379,0
DA:384,0
DA:388,0
DA:393,0
DA:402,0
DA:404,0
DA:413,0
DA:414,0
DA:415,0
DA:416,0
DA:427,0
DA:432,0
DA:447,0
DA:448,0
DA:453,0
DA:454,0
DA:455,0
DA:456,0
DA:463,0
DA:464,0
DA:465,0
DA:466,0
LF:155
LH:1
end_of_record
SF:lib/features/events/presentation/widgets/create_event_steps/basic_info_step.dart
DA:7,1
DA:13,1
DA:14,1
DA:44,1
DA:46,1
DA:47,5
DA:48,1
DA:49,4
DA:50,2
DA:52,2
DA:53,0
DA:54,0
DA:57,2
DA:58,0
DA:59,0
DA:63,1
DA:65,2
DA:66,2
DA:67,2
DA:68,1
DA:71,0
DA:72,0
DA:73,0
DA:74,0
DA:75,0
DA:76,0
DA:77,0
DA:78,0
DA:79,0
DA:80,0
DA:81,0
DA:82,0
DA:84,0
DA:85,0
DA:90,0
DA:91,0
DA:92,0
DA:93,0
DA:94,0
DA:95,0
DA:96,0
DA:97,0
DA:98,0
DA:99,0
DA:100,0
DA:101,0
DA:104,0
DA:105,0
DA:110,1
DA:111,1
DA:113,1
DA:115,1
DA:116,1
DA:118,1
DA:120,1
DA:122,1
DA:124,1
DA:130,2
DA:132,1
DA:139,1
DA:140,3
DA:142,1
DA:144,1
DA:145,1
DA:146,1
DA:147,1
DA:149,1
DA:156,1
DA:158,1
DA:159,1
DA:160,1
DA:161,0
DA:162,1
DA:163,1
DA:164,1
DA:167,1
DA:168,1
DA:169,1
DA:172,1
DA:179,1
DA:180,1
DA:182,1
DA:186,1
DA:189,1
DA:191,1
DA:195,1
DA:196,1
DA:197,1
DA:198,1
DA:199,1
DA:200,0
DA:204,1
DA:205,1
DA:206,1
DA:207,1
DA:208,1
DA:209,0
DA:213,1
DA:214,1
DA:215,1
DA:216,1
DA:221,1
DA:223,1
DA:227,1
DA:229,0
DA:230,0
DA:231,0
DA:242,1
DA:243,3
DA:245,1
DA:247,1
DA:248,1
DA:249,1
DA:250,1
DA:252,1
DA:259,1
DA:261,1
DA:262,1
DA:263,1
DA:264,0
DA:265,1
DA:266,1
DA:268,1
DA:271,1
DA:272,1
DA:273,1
DA:277,1
DA:284,1
DA:285,1
DA:288,1
DA:292,1
DA:295,1
DA:297,1
DA:301,1
DA:302,1
DA:303,1
DA:304,1
DA:305,1
DA:306,0
DA:310,1
DA:311,1
DA:312,1
DA:313,1
DA:314,1
DA:315,0
DA:319,1
DA:320,1
DA:321,1
DA:323,1
DA:328,1
DA:330,1
DA:334,1
DA:336,0
DA:337,0
DA:338,0
DA:349,2
DA:351,1
DA:352,1
DA:354,1
DA:361,1
DA:364,1
DA:366,1
DA:367,1
DA:369,1
DA:373,1
DA:374,1
DA:375,4
DA:377,3
DA:378,1
DA:380,1
DA:383,1
DA:387,1
DA:400,1
DA:401,1
DA:402,2
DA:404,1
DA:406,1
DA:408,1
DA:417,1
DA:418,0
DA:419,0
DA:420,0
DA:429,2
DA:431,1
DA:432,1
DA:434,1
DA:441,1
DA:443,1
DA:451,1
DA:452,1
DA:453,1
DA:455,1
DA:456,1
DA:457,1
DA:461,1
DA:463,1
DA:466,1
DA:471,1
DA:472,1
DA:473,1
DA:475,1
DA:479,1
DA:480,1
DA:481,1
DA:483,1
DA:487,1
DA:488,1
DA:494,1
DA:498,1
DA:499,1
DA:500,0
DA:501,1
DA:508,1
DA:509,1
DA:513,1
DA:515,1
DA:528,4
DA:529,0
DA:532,0
DA:533,0
DA:534,0
DA:539,0
DA:540,0
DA:541,0
DA:542,0
DA:543,0
DA:546,0
DA:548,0
DA:549,0
DA:551,0
DA:558,0
DA:559,0
DA:570,0
DA:573,5
DA:574,0
DA:576,0
DA:578,0
DA:588,0
DA:589,0
DA:590,0
DA:591,0
DA:592,0
DA:593,0
DA:594,0
DA:595,0
DA:600,0
DA:601,0
DA:602,0
LF:248
LH:170
end_of_record
SF:lib/features/events/presentation/widgets/create_event_steps/cultural_heritage_step.dart
DA:7,1
DA:13,0
DA:14,0
DA:29,0
DA:31,0
DA:32,0
DA:33,0
DA:37,0
DA:39,0
DA:40,0
DA:43,0
DA:44,0
DA:46,0
DA:48,0
DA:49,0
DA:51,0
DA:53,0
DA:59,0
DA:61,0
DA:67,0
DA:69,0
DA:76,0
DA:78,0
DA:79,0
DA:81,0
DA:88,0
DA:90,0
DA:96,0
DA:99,0
DA:101,0
DA:102,0
DA:103,0
DA:107,0
DA:108,0
DA:109,0
DA:110,0
DA:112,0
DA:114,0
DA:118,0
DA:130,0
DA:131,0
DA:132,0
DA:134,0
DA:136,0
DA:137,0
DA:138,0
DA:139,0
DA:144,0
DA:146,0
DA:157,0
DA:158,0
DA:159,0
DA:160,0
DA:169,0
DA:171,0
DA:172,0
DA:174,0
DA:181,0
DA:183,0
DA:189,0
DA:190,0
DA:193,0
DA:194,0
DA:196,0
DA:200,0
DA:203,0
DA:205,0
DA:209,0
DA:210,0
DA:211,0
DA:212,0
DA:216,0
DA:217,0
DA:218,0
DA:219,0
DA:223,0
DA:224,0
DA:229,0
DA:231,0
DA:238,0
DA:240,0
DA:242,0
DA:244,0
DA:246,0
DA:248,0
DA:250,0
LF:86
LH:1
end_of_record
SF:lib/features/events/presentation/widgets/create_event_steps/datetime_step.dart
DA:9,1
DA:15,0
DA:16,0
DA:22,0
DA:23,0
DA:25,0
DA:27,0
DA:28,0
DA:30,0
DA:32,0
DA:38,0
DA:40,0
DA:42,0
DA:48,0
DA:50,0
DA:57,0
DA:59,0
DA:60,0
DA:62,0
DA:69,0
DA:70,0
DA:71,0
DA:73,0
DA:74,0
DA:75,0
DA:76,0
DA:77,0
DA:78,0
DA:81,0
DA:82,0
DA:83,0
DA:84,0
DA:85,0
DA:86,0
DA:87,0
DA:90,0
DA:94,0
DA:95,0
DA:96,0
DA:97,0
DA:98,0
DA:107,0
DA:108,0
DA:109,0
DA:110,0
DA:111,0
DA:113,0
DA:114,0
DA:115,0
DA:116,0
DA:117,0
DA:118,0
DA:119,0
DA:120,0
DA:121,0
DA:122,0
DA:126,0
DA:127,0
DA:128,0
DA:129,0
DA:130,0
DA:143,0
DA:145,0
DA:146,0
DA:148,0
DA:155,0
DA:156,0
DA:157,0
DA:159,0
DA:160,0
DA:161,0
DA:162,0
DA:163,0
DA:164,0
DA:167,0
DA:168,0
DA:169,0
DA:170,0
DA:171,0
DA:172,0
DA:173,0
DA:176,0
DA:180,0
DA:184,0
DA:185,0
DA:186,0
DA:187,0
DA:188,0
DA:190,0
DA:191,0
DA:192,0
DA:193,0
DA:194,0
DA:195,0
DA:196,0
DA:197,0
DA:198,0
DA:199,0
DA:200,0
DA:211,0
DA:217,0
DA:219,0
DA:220,0
DA:222,0
DA:229,0
DA:230,0
DA:231,0
DA:232,0
DA:235,0
DA:237,0
DA:238,0
DA:240,0
DA:244,0
DA:245,0
DA:252,0
DA:253,0
DA:255,0
DA:257,0
DA:262,0
DA:273,0
DA:278,0
DA:280,0
DA:281,0
DA:283,0
DA:290,0
DA:291,0
DA:292,0
DA:295,0
DA:297,0
DA:298,0
DA:300,0
DA:304,0
DA:305,0
DA:312,0
DA:313,0
DA:315,0
DA:317,0
DA:322,0
DA:333,0
DA:334,0
DA:335,0
DA:340,0
DA:341,0
DA:342,0
DA:345,0
DA:346,0
DA:347,0
DA:348,0
DA:350,0
DA:353,0
DA:355,0
DA:356,0
DA:357,0
DA:358,0
DA:359,0
DA:362,0
DA:363,0
DA:370,0
DA:371,0
DA:373,0
DA:374,0
DA:376,0
DA:382,0
DA:384,0
DA:398,0
DA:404,0
DA:405,0
DA:407,0
DA:409,0
DA:411,0
DA:414,0
DA:415,0
DA:416,0
DA:425,0
DA:429,0
DA:434,0
DA:436,0
DA:439,0
DA:440,0
DA:441,0
DA:450,0
LF:181
LH:1
end_of_record
SF:lib/features/events/presentation/widgets/create_event_steps/preview_step.dart
DA:12,1
DA:18,0
DA:19,0
DA:21,0
DA:23,0
DA:24,0
DA:26,0
DA:28,0
DA:34,0
DA:36,0
DA:42,0
DA:44,0
DA:51,0
DA:52,0
DA:54,0
DA:55,0
DA:56,0
DA:57,0
DA:63,0
DA:65,0
DA:66,0
DA:67,0
DA:69,0
DA:71,0
DA:72,0
DA:74,0
DA:76,0
DA:78,0
DA:80,0
DA:82,0
DA:90,0
DA:100,0
DA:101,0
DA:106,0
DA:107,0
DA:109,0
DA:113,0
DA:114,0
DA:115,0
DA:117,0
DA:122,0
DA:131,0
DA:132,0
DA:134,0
DA:145,0
DA:146,0
DA:149,0
DA:154,0
DA:155,0
DA:156,0
DA:158,0
DA:159,0
DA:160,0
DA:171,0
DA:172,0
DA:174,0
DA:181,0
DA:183,0
DA:193,0
DA:195,0
DA:196,0
DA:197,0
DA:198,0
DA:200,0
DA:201,0
DA:202,0
DA:204,0
DA:205,0
DA:206,0
DA:214,0
DA:215,0
DA:218,0
DA:219,0
DA:220,0
DA:222,0
DA:223,0
DA:224,0
DA:232,0
DA:235,0
DA:236,0
DA:237,0
DA:239,0
DA:241,0
DA:251,0
DA:252,0
DA:253,0
DA:262,0
DA:263,0
DA:267,0
DA:268,0
DA:270,0
DA:271,0
DA:278,0
DA:279,0
DA:281,0
DA:282,0
DA:283,0
DA:284,0
DA:290,0
DA:291,0
DA:292,0
DA:304,0
DA:305,0
DA:309,0
DA:311,0
DA:318,0
DA:319,0
DA:320,0
DA:321,0
DA:331,0
DA:333,0
DA:334,0
DA:336,0
DA:343,0
DA:344,0
DA:345,0
DA:354,0
DA:355,0
DA:359,0
DA:361,0
DA:362,0
DA:364,0
DA:371,0
DA:374,0
DA:375,0
DA:376,0
DA:379,0
DA:380,0
DA:381,0
DA:382,0
DA:383,0
DA:386,0
DA:388,0
DA:396,0
DA:402,0
DA:404,0
DA:406,0
DA:407,0
DA:409,0
DA:410,0
DA:411,0
DA:412,0
DA:417,0
DA:418,0
DA:420,0
DA:421,0
DA:422,0
DA:423,0
DA:429,0
DA:430,0
DA:432,0
DA:433,0
DA:441,0
DA:442,0
DA:443,0
DA:453,0
DA:455,0
DA:456,0
DA:457,0
DA:458,0
DA:459,0
DA:462,0
DA:464,0
DA:465,0
DA:466,0
DA:473,0
DA:475,0
DA:484,0
DA:489,0
LF:169
LH:1
end_of_record
SF:lib/services/enhanced_chat_service.dart
DA:18,0
DA:19,0
DA:20,0
DA:30,0
DA:37,0
DA:41,0
DA:44,0
DA:47,0
DA:49,0
DA:50,0
DA:52,0
DA:60,0
DA:61,0
DA:62,0
DA:63,0
DA:64,0
DA:67,0
DA:70,0
DA:72,0
DA:74,0
DA:75,0
DA:78,0
DA:84,0
DA:86,0
DA:89,0
DA:90,0
DA:91,0
DA:92,0
DA:93,0
DA:94,0
DA:95,0
DA:99,0
DA:100,0
DA:101,0
DA:102,0
DA:105,0
DA:110,0
DA:112,0
DA:116,0
DA:117,0
DA:118,0
DA:119,0
DA:120,0
DA:121,0
DA:122,0
DA:125,0
DA:126,0
DA:127,0
DA:128,0
DA:133,0
DA:136,0
DA:138,0
DA:139,0
DA:140,0
DA:141,0
DA:144,0
DA:149,0
DA:151,0
DA:155,0
DA:156,0
DA:157,0
DA:161,0
DA:162,0
DA:163,0
DA:166,0
DA:167,0
DA:168,0
DA:169,0
DA:172,0
DA:177,0
DA:179,0
DA:183,0
DA:184,0
DA:187,0
DA:188,0
DA:189,0
DA:192,0
DA:193,0
DA:194,0
DA:195,0
DA:198,0
DA:203,0
DA:204,0
DA:205,0
DA:206,0
DA:208,0
DA:209,0
DA:212,0
DA:218,0
DA:224,0
DA:227,0
DA:228,0
DA:229,0
DA:230,0
DA:231,0
DA:232,0
DA:233,0
DA:236,0
DA:237,0
DA:238,0
DA:239,0
DA:242,0
DA:247,0
DA:253,0
DA:256,0
DA:257,0
DA:258,0
DA:259,0
DA:260,0
DA:261,0
DA:262,0
DA:265,0
DA:266,0
DA:267,0
DA:268,0
DA:271,0
DA:276,0
DA:282,0
DA:285,0
DA:286,0
DA:287,0
DA:288,0
DA:289,0
DA:290,0
DA:293,0
DA:296,0
DA:297,0
DA:298,0
DA:300,0
DA:305,0
DA:307,0
DA:310,0
DA:311,0
DA:312,0
DA:313,0
DA:314,0
DA:315,0
DA:317,0
DA:321,0
DA:322,0
DA:323,0
DA:325,0
DA:330,0
DA:332,0
DA:335,0
DA:337,0
DA:340,0
DA:341,0
DA:342,0
DA:343,0
DA:346,0
DA:351,0
DA:352,0
DA:353,0
DA:356,0
DA:357,0
DA:362,0
DA:363,0
DA:364,0
DA:371,0
DA:373,0
DA:375,0
DA:378,0
DA:380,0
DA:381,0
DA:384,0
DA:390,0
DA:396,0
DA:399,0
DA:401,0
DA:402,0
DA:403,0
DA:406,0
DA:411,0
DA:415,0
DA:417,0
DA:420,0
DA:424,0
DA:425,0
DA:428,0
DA:429,0
DA:430,0
DA:433,0
DA:438,0
DA:442,0
DA:444,0
DA:447,0
DA:448,0
DA:451,0
DA:452,0
DA:453,0
DA:457,0
DA:459,0
DA:464,0
DA:465,0
DA:466,0
DA:469,0
DA:474,0
DA:476,0
DA:477,0
DA:478,0
DA:479,0
DA:480,0
DA:481,0
DA:483,0
DA:485,0
DA:486,0
DA:487,0
DA:488,0
DA:491,0
DA:497,0
DA:498,0
DA:499,0
DA:500,0
DA:501,0
DA:502,0
DA:503,0
DA:504,0
DA:505,0
DA:506,0
DA:510,0
DA:512,0
DA:513,0
DA:515,0
DA:518,0
DA:519,0
DA:521,0
DA:527,1
DA:543,1
DA:544,1
DA:546,1
DA:547,1
DA:549,2
DA:550,1
DA:551,3
DA:552,3
DA:553,1
DA:554,3
DA:555,1
DA:556,1
DA:557,1
DA:558,1
DA:575,3
DA:578,4
DA:581,1
DA:582,3
DA:585,4
DA:587,1
DA:589,5
LF:249
LH:22
end_of_record
SF:lib/services/auth_service.dart
DA:8,1
DA:9,0
DA:16,1
DA:20,2
DA:21,1
DA:27,1
DA:36,2
DA:50,1
DA:54,1
DA:58,2
LF:10
LH:9
end_of_record
SF:lib/services/super_like_service.dart
DA:21,0
DA:22,0
DA:23,0
DA:24,0
DA:27,0
DA:31,0
DA:33,0
DA:36,0
DA:37,0
DA:38,0
DA:39,0
DA:45,0
DA:47,0
DA:53,0
DA:55,0
DA:59,0
DA:60,0
DA:62,0
DA:63,0
DA:66,0
DA:67,0
DA:70,0
DA:78,0
DA:82,0
DA:85,0
DA:88,0
DA:94,0
DA:96,0
DA:98,0
DA:103,0
DA:104,0
DA:105,0
DA:107,0
DA:109,0
DA:110,0
DA:115,0
DA:118,0
DA:119,0
DA:123,0
DA:124,0
DA:126,0
DA:128,0
DA:132,0
DA:134,0
DA:135,0
DA:137,0
DA:138,0
DA:139,0
DA:141,0
DA:145,0
DA:148,0
DA:149,0
DA:153,0
DA:159,0
DA:161,0
DA:162,0
DA:164,0
DA:165,0
DA:166,0
DA:168,0
DA:170,0
DA:172,0
DA:173,0
DA:174,0
DA:175,0
DA:179,0
DA:185,0
DA:186,0
DA:188,0
DA:189,0
DA:190,0
DA:191,0
DA:192,0
DA:193,0
DA:196,0
DA:198,0
DA:199,0
DA:202,0
DA:203,0
DA:204,0
DA:206,0
DA:208,0
DA:209,0
DA:214,0
DA:215,0
DA:217,0
DA:218,0
DA:219,0
DA:220,0
DA:221,0
DA:224,0
DA:226,0
DA:227,0
DA:230,0
DA:231,0
DA:232,0
DA:234,0
DA:236,0
DA:237,0
DA:242,0
DA:247,0
DA:249,0
DA:250,0
DA:254,0
DA:255,0
DA:256,0
DA:259,0
DA:262,0
DA:263,0
DA:267,0
DA:270,0
DA:276,0
DA:277,0
DA:281,0
DA:282,0
DA:285,0
DA:291,0
DA:292,0
DA:293,0
DA:295,0
DA:296,0
DA:300,0
DA:304,0
DA:305,0
DA:307,0
DA:308,0
DA:309,0
DA:311,0
DA:313,0
DA:314,0
DA:319,0
DA:326,0
DA:328,0
DA:331,0
DA:333,0
DA:334,0
DA:336,0
DA:337,0
DA:340,0
DA:341,0
DA:345,0
DA:346,0
DA:347,0
DA:348,0
DA:352,0
DA:358,0
DA:360,0
DA:361,0
DA:365,0
DA:367,0
DA:368,0
DA:370,0
DA:371,0
DA:372,0
DA:375,0
DA:380,0
DA:388,0
DA:394,0
DA:401,0
DA:402,0
DA:403,0
DA:404,0
DA:407,0
DA:412,0
DA:419,0
DA:421,0
DA:423,0
DA:428,0
DA:429,0
DA:430,0
DA:434,0
DA:440,0
DA:445,0
DA:446,0
DA:447,0
DA:448,0
DA:449,0
DA:451,0
DA:452,0
DA:456,0
DA:457,0
DA:458,0
DA:462,0
DA:468,0
DA:471,0
DA:472,0
DA:473,0
DA:474,0
DA:475,0
DA:479,0
DA:485,0
DA:487,0
DA:488,0
DA:489,0
DA:490,0
DA:493,0
DA:494,0
DA:495,0
DA:499,0
DA:505,0
DA:506,0
DA:507,0
DA:511,0
DA:513,0
DA:514,0
DA:515,0
DA:516,0
DA:519,0
DA:520,0
DA:523,0
DA:524,0
DA:526,0
DA:527,0
DA:528,0
DA:535,0
DA:537,0
DA:538,0
DA:539,0
DA:541,0
DA:543,0
DA:544,0
DA:549,0
DA:551,0
DA:552,0
DA:553,0
DA:554,0
DA:555,0
DA:557,0
DA:558,0
DA:559,0
DA:562,0
DA:563,0
DA:564,0
DA:565,0
DA:568,0
DA:569,0
DA:570,0
DA:573,0
DA:580,1
DA:595,1
DA:596,1
DA:597,1
DA:598,1
DA:599,1
DA:600,1
DA:601,1
DA:602,1
DA:603,1
DA:604,3
DA:605,1
DA:606,1
DA:607,1
DA:608,2
DA:609,2
DA:625,1
DA:626,4
DA:627,3
DA:628,3
DA:630,1
DA:632,5
DA:637,1
DA:645,1
DA:650,1
DA:657,2
DA:667,1
DA:669,4
DA:674,1
DA:681,1
DA:685,1
DA:691,2
DA:700,1
DA:702,4
DA:707,1
DA:718,4
DA:720,1
DA:722,4
DA:727,1
DA:738,2
DA:746,2
DA:757,6
DA:758,3
DA:760,1
DA:761,1
DA:762,1
DA:763,1
DA:764,2
DA:765,3
DA:766,3
DA:767,1
LF:289
LH:51
end_of_record
